CRITICAL - 2024-05-15 00:57:34 --> ErrorException: Undefined variable $employee
[Method: GET, Route: pegawai/edit/2]
in APPPATH\Views\pegawai\edit_view.php on line 15.
 1 APPPATH\Views\pegawai\edit_view.php(15): CodeIgniter\Debug\Exceptions->errorHandler(2, 'Undefined variable $employee', 'C:\\xampp\\htdocs\\ci4\\app\\Views\\pegawai\\edit_view.php', 15)
 2 SYSTEMPATH\View\View.php(234): include('C:\\xampp\\htdocs\\ci4\\app\\Views\\pegawai\\edit_view.php')
 3 SYSTEMPATH\View\View.php(237): CodeIgniter\View\View->CodeIgniter\View\{closure}()
 4 SYSTEMPATH\Common.php(1171): CodeIgniter\View\View->render('pegawai/edit_view', [], true)
 5 APPPATH\Controllers\Pegawai.php(55): view('pegawai/edit_view', [...])
 6 SYSTEMPATH\CodeIgniter.php(933): App\Controllers\Pegawai->edit('2')
 7 SYSTEMPATH\CodeIgniter.php(509): CodeIgniter\CodeIgniter->runController(Object(App\Controllers\Pegawai))
 8 SYSTEMPATH\CodeIgniter.php(355): CodeIgniter\CodeIgniter->handleRequest(null, Object(Config\Cache), false)
 9 SYSTEMPATH\Boot.php(312): CodeIgniter\CodeIgniter->run()
10 SYSTEMPATH\Boot.php(67): CodeIgniter\Boot::runCodeIgniter(Object(CodeIgniter\CodeIgniter))
11 FCPATH\index.php(56): CodeIgniter\Boot::bootWeb(Object(Config\Paths))
12 SYSTEMPATH\Commands\Server\rewrite.php(49): require_once('C:\\xampp\\htdocs\\ci4\\public\\index.php')
ERROR - 2024-05-15 01:22:37 --> mysqli_sql_exception: Column 'nama_pegawai' cannot be null in C:\xampp\htdocs\ci4\system\Database\MySQLi\Connection.php:308
Stack trace:
#0 C:\xampp\htdocs\ci4\system\Database\MySQLi\Connection.php(308): mysqli->query('INSERT INTO `pe...', 0)
#1 C:\xampp\htdocs\ci4\system\Database\BaseConnection.php(722): CodeIgniter\Database\MySQLi\Connection->execute('INSERT INTO `pe...')
#2 C:\xampp\htdocs\ci4\system\Database\BaseConnection.php(636): CodeIgniter\Database\BaseConnection->simpleQuery('INSERT INTO `pe...')
#3 C:\xampp\htdocs\ci4\system\Database\BaseBuilder.php(2325): CodeIgniter\Database\BaseConnection->query('INSERT INTO `pe...', Array, false)
#4 C:\xampp\htdocs\ci4\app\Models\Pegawai_Model.php(23): CodeIgniter\Database\BaseBuilder->insert(Array)
#5 C:\xampp\htdocs\ci4\app\Controllers\Pegawai.php(40): App\Models\Pegawai_model->savePegawai(Array)
#6 C:\xampp\htdocs\ci4\system\CodeIgniter.php(933): App\Controllers\Pegawai->add()
#7 C:\xampp\htdocs\ci4\system\CodeIgniter.php(509): CodeIgniter\CodeIgniter->runController(Object(App\Controllers\Pegawai))
#8 C:\xampp\htdocs\ci4\system\CodeIgniter.php(355): CodeIgniter\CodeIgniter->handleRequest(NULL, Object(Config\Cache), false)
#9 C:\xampp\htdocs\ci4\system\Boot.php(312): CodeIgniter\CodeIgniter->run()
#10 C:\xampp\htdocs\ci4\system\Boot.php(67): CodeIgniter\Boot::runCodeIgniter(Object(CodeIgniter\CodeIgniter))
#11 C:\xampp\htdocs\ci4\public\index.php(56): CodeIgniter\Boot::bootWeb(Object(Config\Paths))
#12 C:\xampp\htdocs\ci4\system\Commands\Server\rewrite.php(49): require_once('C:\\xampp\\htdocs...')
#13 {main}
CRITICAL - 2024-05-15 01:22:37 --> CodeIgniter\Database\Exceptions\DatabaseException: Column 'nama_pegawai' cannot be null
[Method: POST, Route: pegawai/add]
in SYSTEMPATH\Database\BaseConnection.php on line 676.
 1 SYSTEMPATH\Database\BaseBuilder.php(2325): CodeIgniter\Database\BaseConnection->query('INSERT INTO `pegawai` (`nama_pegawai`, `tmpt_lahir`, `tgl_lahir`, `agama`, `pedetar`, `jenis_kelamin`, `tmt`, `golongan`, `jabatan`, `status_pegawai`, `status_pernikahan`, `jumlah_anak`, `alamat`, `gaji_pokok`, `no_tlp`) VALUES (:nama_pegawai:, :tmpt_lahir:, :tgl_lahir:, :agama:, :pedetar:, :jenis_kelamin:, :tmt:, :golongan:, :jabatan:, :status_pegawai:, :status_pernikahan:, :jumlah_anak:, :alamat:, :gaji_pokok:, :no_tlp:)', [...], false)
 2 APPPATH\Models\Pegawai_Model.php(23): CodeIgniter\Database\BaseBuilder->insert([...])
 3 APPPATH\Controllers\Pegawai.php(40): App\Models\Pegawai_model->savePegawai([...])
 4 SYSTEMPATH\CodeIgniter.php(933): App\Controllers\Pegawai->add()
 5 SYSTEMPATH\CodeIgniter.php(509): CodeIgniter\CodeIgniter->runController(Object(App\Controllers\Pegawai))
 6 SYSTEMPATH\CodeIgniter.php(355): CodeIgniter\CodeIgniter->handleRequest(null, Object(Config\Cache), false)
 7 SYSTEMPATH\Boot.php(312): CodeIgniter\CodeIgniter->run()
 8 SYSTEMPATH\Boot.php(67): CodeIgniter\Boot::runCodeIgniter(Object(CodeIgniter\CodeIgniter))
 9 FCPATH\index.php(56): CodeIgniter\Boot::bootWeb(Object(Config\Paths))
10 SYSTEMPATH\Commands\Server\rewrite.php(49): require_once('C:\\xampp\\htdocs\\ci4\\public\\index.php')
CRITICAL - 2024-05-15 01:22:37 --> [Caused by] CodeIgniter\Database\Exceptions\DatabaseException: Column 'nama_pegawai' cannot be null
in SYSTEMPATH\Database\MySQLi\Connection.php on line 313.
 1 SYSTEMPATH\Database\BaseConnection.php(722): CodeIgniter\Database\MySQLi\Connection->execute('INSERT INTO `pegawai` (`nama_pegawai`, `tmpt_lahir`, `tgl_lahir`, `agama`, `pedetar`, `jenis_kelamin`, `tmt`, `golongan`, `jabatan`, `status_pegawai`, `status_pernikahan`, `jumlah_anak`, `alamat`, `gaji_pokok`, `no_tlp`) VALUES (NULL, NULL, NULL, NULL, NULL, NULL, NULL, NULL, NULL, NULL, NULL, NULL, NULL, NULL, NULL)')
 2 SYSTEMPATH\Database\BaseConnection.php(636): CodeIgniter\Database\BaseConnection->simpleQuery('INSERT INTO `pegawai` (`nama_pegawai`, `tmpt_lahir`, `tgl_lahir`, `agama`, `pedetar`, `jenis_kelamin`, `tmt`, `golongan`, `jabatan`, `status_pegawai`, `status_pernikahan`, `jumlah_anak`, `alamat`, `gaji_pokok`, `no_tlp`) VALUES (NULL, NULL, NULL, NULL, NULL, NULL, NULL, NULL, NULL, NULL, NULL, NULL, NULL, NULL, NULL)')
 3 SYSTEMPATH\Database\BaseBuilder.php(2325): CodeIgniter\Database\BaseConnection->query('INSERT INTO `pegawai` (`nama_pegawai`, `tmpt_lahir`, `tgl_lahir`, `agama`, `pedetar`, `jenis_kelamin`, `tmt`, `golongan`, `jabatan`, `status_pegawai`, `status_pernikahan`, `jumlah_anak`, `alamat`, `gaji_pokok`, `no_tlp`) VALUES (:nama_pegawai:, :tmpt_lahir:, :tgl_lahir:, :agama:, :pedetar:, :jenis_kelamin:, :tmt:, :golongan:, :jabatan:, :status_pegawai:, :status_pernikahan:, :jumlah_anak:, :alamat:, :gaji_pokok:, :no_tlp:)', [...], false)
 4 APPPATH\Models\Pegawai_Model.php(23): CodeIgniter\Database\BaseBuilder->insert([...])
 5 APPPATH\Controllers\Pegawai.php(40): App\Models\Pegawai_model->savePegawai([...])
 6 SYSTEMPATH\CodeIgniter.php(933): App\Controllers\Pegawai->add()
 7 SYSTEMPATH\CodeIgniter.php(509): CodeIgniter\CodeIgniter->runController(Object(App\Controllers\Pegawai))
 8 SYSTEMPATH\CodeIgniter.php(355): CodeIgniter\CodeIgniter->handleRequest(null, Object(Config\Cache), false)
 9 SYSTEMPATH\Boot.php(312): CodeIgniter\CodeIgniter->run()
10 SYSTEMPATH\Boot.php(67): CodeIgniter\Boot::runCodeIgniter(Object(CodeIgniter\CodeIgniter))
11 FCPATH\index.php(56): CodeIgniter\Boot::bootWeb(Object(Config\Paths))
12 SYSTEMPATH\Commands\Server\rewrite.php(49): require_once('C:\\xampp\\htdocs\\ci4\\public\\index.php')
CRITICAL - 2024-05-15 01:22:37 --> [Caused by] mysqli_sql_exception: Column 'nama_pegawai' cannot be null
in SYSTEMPATH\Database\MySQLi\Connection.php on line 308.
 1 SYSTEMPATH\Database\MySQLi\Connection.php(308): mysqli->query('INSERT INTO `pegawai` (`nama_pegawai`, `tmpt_lahir`, `tgl_lahir`, `agama`, `pedetar`, `jenis_kelamin`, `tmt`, `golongan`, `jabatan`, `status_pegawai`, `status_pernikahan`, `jumlah_anak`, `alamat`, `gaji_pokok`, `no_tlp`) VALUES (NULL, NULL, NULL, NULL, NULL, NULL, NULL, NULL, NULL, NULL, NULL, NULL, NULL, NULL, NULL)', 0)
 2 SYSTEMPATH\Database\BaseConnection.php(722): CodeIgniter\Database\MySQLi\Connection->execute('INSERT INTO `pegawai` (`nama_pegawai`, `tmpt_lahir`, `tgl_lahir`, `agama`, `pedetar`, `jenis_kelamin`, `tmt`, `golongan`, `jabatan`, `status_pegawai`, `status_pernikahan`, `jumlah_anak`, `alamat`, `gaji_pokok`, `no_tlp`) VALUES (NULL, NULL, NULL, NULL, NULL, NULL, NULL, NULL, NULL, NULL, NULL, NULL, NULL, NULL, NULL)')
 3 SYSTEMPATH\Database\BaseConnection.php(636): CodeIgniter\Database\BaseConnection->simpleQuery('INSERT INTO `pegawai` (`nama_pegawai`, `tmpt_lahir`, `tgl_lahir`, `agama`, `pedetar`, `jenis_kelamin`, `tmt`, `golongan`, `jabatan`, `status_pegawai`, `status_pernikahan`, `jumlah_anak`, `alamat`, `gaji_pokok`, `no_tlp`) VALUES (NULL, NULL, NULL, NULL, NULL, NULL, NULL, NULL, NULL, NULL, NULL, NULL, NULL, NULL, NULL)')
 4 SYSTEMPATH\Database\BaseBuilder.php(2325): CodeIgniter\Database\BaseConnection->query('INSERT INTO `pegawai` (`nama_pegawai`, `tmpt_lahir`, `tgl_lahir`, `agama`, `pedetar`, `jenis_kelamin`, `tmt`, `golongan`, `jabatan`, `status_pegawai`, `status_pernikahan`, `jumlah_anak`, `alamat`, `gaji_pokok`, `no_tlp`) VALUES (:nama_pegawai:, :tmpt_lahir:, :tgl_lahir:, :agama:, :pedetar:, :jenis_kelamin:, :tmt:, :golongan:, :jabatan:, :status_pegawai:, :status_pernikahan:, :jumlah_anak:, :alamat:, :gaji_pokok:, :no_tlp:)', [...], false)
 5 APPPATH\Models\Pegawai_Model.php(23): CodeIgniter\Database\BaseBuilder->insert([...])
 6 APPPATH\Controllers\Pegawai.php(40): App\Models\Pegawai_model->savePegawai([...])
 7 SYSTEMPATH\CodeIgniter.php(933): App\Controllers\Pegawai->add()
 8 SYSTEMPATH\CodeIgniter.php(509): CodeIgniter\CodeIgniter->runController(Object(App\Controllers\Pegawai))
 9 SYSTEMPATH\CodeIgniter.php(355): CodeIgniter\CodeIgniter->handleRequest(null, Object(Config\Cache), false)
10 SYSTEMPATH\Boot.php(312): CodeIgniter\CodeIgniter->run()
11 SYSTEMPATH\Boot.php(67): CodeIgniter\Boot::runCodeIgniter(Object(CodeIgniter\CodeIgniter))
12 FCPATH\index.php(56): CodeIgniter\Boot::bootWeb(Object(Config\Paths))
13 SYSTEMPATH\Commands\Server\rewrite.php(49): require_once('C:\\xampp\\htdocs\\ci4\\public\\index.php')
CRITICAL - 2024-05-15 01:23:52 --> ErrorException: Undefined variable $pegawai
[Method: GET, Route: potongan]
in APPPATH\Views\potongan\employee_view.php on line 37.
 1 APPPATH\Views\potongan\employee_view.php(37): CodeIgniter\Debug\Exceptions->errorHandler(2, 'Undefined variable $pegawai', 'C:\\xampp\\htdocs\\ci4\\app\\Views\\potongan\\employee_view.php', 37)
 2 SYSTEMPATH\View\View.php(234): include('C:\\xampp\\htdocs\\ci4\\app\\Views\\potongan\\employee_view.php')
 3 SYSTEMPATH\View\View.php(237): CodeIgniter\View\View->CodeIgniter\View\{closure}()
 4 SYSTEMPATH\Common.php(1171): CodeIgniter\View\View->render('potongan/employee_view', [], true)
 5 APPPATH\Controllers\Potongan.php(15): view('potongan/employee_view', [...])
 6 SYSTEMPATH\CodeIgniter.php(933): App\Controllers\Potongan->index()
 7 SYSTEMPATH\CodeIgniter.php(509): CodeIgniter\CodeIgniter->runController(Object(App\Controllers\Potongan))
 8 SYSTEMPATH\CodeIgniter.php(355): CodeIgniter\CodeIgniter->handleRequest(null, Object(Config\Cache), false)
 9 SYSTEMPATH\Boot.php(312): CodeIgniter\CodeIgniter->run()
10 SYSTEMPATH\Boot.php(67): CodeIgniter\Boot::runCodeIgniter(Object(CodeIgniter\CodeIgniter))
11 FCPATH\index.php(56): CodeIgniter\Boot::bootWeb(Object(Config\Paths))
12 SYSTEMPATH\Commands\Server\rewrite.php(49): require_once('C:\\xampp\\htdocs\\ci4\\public\\index.php')
CRITICAL - 2024-05-15 01:24:49 --> ErrorException: Undefined variable $pegawai
[Method: GET, Route: potongan/edit/2939]
in APPPATH\Views\potongan\edit_view.php on line 15.
 1 APPPATH\Views\potongan\edit_view.php(15): CodeIgniter\Debug\Exceptions->errorHandler(2, 'Undefined variable $pegawai', 'C:\\xampp\\htdocs\\ci4\\app\\Views\\potongan\\edit_view.php', 15)
 2 SYSTEMPATH\View\View.php(234): include('C:\\xampp\\htdocs\\ci4\\app\\Views\\potongan\\edit_view.php')
 3 SYSTEMPATH\View\View.php(237): CodeIgniter\View\View->CodeIgniter\View\{closure}()
 4 SYSTEMPATH\Common.php(1171): CodeIgniter\View\View->render('potongan/edit_view', [], true)
 5 APPPATH\Controllers\Potongan.php(43): view('potongan/edit_view', [...])
 6 SYSTEMPATH\CodeIgniter.php(933): App\Controllers\Potongan->edit('2939')
 7 SYSTEMPATH\CodeIgniter.php(509): CodeIgniter\CodeIgniter->runController(Object(App\Controllers\Potongan))
 8 SYSTEMPATH\CodeIgniter.php(355): CodeIgniter\CodeIgniter->handleRequest(null, Object(Config\Cache), false)
 9 SYSTEMPATH\Boot.php(312): CodeIgniter\CodeIgniter->run()
10 SYSTEMPATH\Boot.php(67): CodeIgniter\Boot::runCodeIgniter(Object(CodeIgniter\CodeIgniter))
11 FCPATH\index.php(56): CodeIgniter\Boot::bootWeb(Object(Config\Paths))
12 SYSTEMPATH\Commands\Server\rewrite.php(49): require_once('C:\\xampp\\htdocs\\ci4\\public\\index.php')
CRITICAL - 2024-05-15 01:47:50 --> ErrorException: Undefined property: stdClass::$tempat_lahir
[Method: GET, Route: pegawai/edit/2]
in APPPATH\Views\pegawai\edit_view.php on line 19.
 1 APPPATH\Views\pegawai\edit_view.php(19): CodeIgniter\Debug\Exceptions->errorHandler(2, 'Undefined property: stdClass::$tempat_lahir', 'C:\\xampp\\htdocs\\ci4\\app\\Views\\pegawai\\edit_view.php', 19)
 2 SYSTEMPATH\View\View.php(234): include('C:\\xampp\\htdocs\\ci4\\app\\Views\\pegawai\\edit_view.php')
 3 SYSTEMPATH\View\View.php(237): CodeIgniter\View\View->CodeIgniter\View\{closure}()
 4 SYSTEMPATH\Common.php(1171): CodeIgniter\View\View->render('pegawai/edit_view', [], true)
 5 APPPATH\Controllers\Pegawai.php(55): view('pegawai/edit_view', [...])
 6 SYSTEMPATH\CodeIgniter.php(933): App\Controllers\Pegawai->edit('2')
 7 SYSTEMPATH\CodeIgniter.php(509): CodeIgniter\CodeIgniter->runController(Object(App\Controllers\Pegawai))
 8 SYSTEMPATH\CodeIgniter.php(355): CodeIgniter\CodeIgniter->handleRequest(null, Object(Config\Cache), false)
 9 SYSTEMPATH\Boot.php(312): CodeIgniter\CodeIgniter->run()
10 SYSTEMPATH\Boot.php(67): CodeIgniter\Boot::runCodeIgniter(Object(CodeIgniter\CodeIgniter))
11 FCPATH\index.php(56): CodeIgniter\Boot::bootWeb(Object(Config\Paths))
12 SYSTEMPATH\Commands\Server\rewrite.php(49): require_once('C:\\xampp\\htdocs\\ci4\\public\\index.php')
CRITICAL - 2024-05-15 02:51:28 --> ErrorException: Undefined variable $gettunjangan
[Method: GET, Route: tunjangan]
in APPPATH\Views\tunjangan\employee_view.php on line 29.
 1 APPPATH\Views\tunjangan\employee_view.php(29): CodeIgniter\Debug\Exceptions->errorHandler(2, 'Undefined variable $gettunjangan', 'C:\\xampp\\htdocs\\ci4\\app\\Views\\tunjangan\\employee_view.php', 29)
 2 SYSTEMPATH\View\View.php(234): include('C:\\xampp\\htdocs\\ci4\\app\\Views\\tunjangan\\employee_view.php')
 3 SYSTEMPATH\View\View.php(237): CodeIgniter\View\View->CodeIgniter\View\{closure}()
 4 SYSTEMPATH\Common.php(1171): CodeIgniter\View\View->render('tunjangan/employee_view', [], true)
 5 APPPATH\Controllers\Tunjangan.php(15): view('tunjangan/employee_view', [...])
 6 SYSTEMPATH\CodeIgniter.php(933): App\Controllers\Tunjangan->index()
 7 SYSTEMPATH\CodeIgniter.php(509): CodeIgniter\CodeIgniter->runController(Object(App\Controllers\Tunjangan))
 8 SYSTEMPATH\CodeIgniter.php(355): CodeIgniter\CodeIgniter->handleRequest(null, Object(Config\Cache), false)
 9 SYSTEMPATH\Boot.php(312): CodeIgniter\CodeIgniter->run()
10 SYSTEMPATH\Boot.php(67): CodeIgniter\Boot::runCodeIgniter(Object(CodeIgniter\CodeIgniter))
11 FCPATH\index.php(56): CodeIgniter\Boot::bootWeb(Object(Config\Paths))
12 SYSTEMPATH\Commands\Server\rewrite.php(49): require_once('C:\\xampp\\htdocs\\ci4\\public\\index.php')
CRITICAL - 2024-05-15 02:52:20 --> ErrorException: Undefined variable $potongan
[Method: GET, Route: tunjangan/edit/50]
in APPPATH\Views\tunjangan\edit_view.php on line 15.
 1 APPPATH\Views\tunjangan\edit_view.php(15): CodeIgniter\Debug\Exceptions->errorHandler(2, 'Undefined variable $potongan', 'C:\\xampp\\htdocs\\ci4\\app\\Views\\tunjangan\\edit_view.php', 15)
 2 SYSTEMPATH\View\View.php(234): include('C:\\xampp\\htdocs\\ci4\\app\\Views\\tunjangan\\edit_view.php')
 3 SYSTEMPATH\View\View.php(237): CodeIgniter\View\View->CodeIgniter\View\{closure}()
 4 SYSTEMPATH\Common.php(1171): CodeIgniter\View\View->render('tunjangan/edit_view', [], true)
 5 APPPATH\Controllers\Tunjangan.php(43): view('tunjangan/edit_view', [...])
 6 SYSTEMPATH\CodeIgniter.php(933): App\Controllers\Tunjangan->edit('50')
 7 SYSTEMPATH\CodeIgniter.php(509): CodeIgniter\CodeIgniter->runController(Object(App\Controllers\Tunjangan))
 8 SYSTEMPATH\CodeIgniter.php(355): CodeIgniter\CodeIgniter->handleRequest(null, Object(Config\Cache), false)
 9 SYSTEMPATH\Boot.php(312): CodeIgniter\CodeIgniter->run()
10 SYSTEMPATH\Boot.php(67): CodeIgniter\Boot::runCodeIgniter(Object(CodeIgniter\CodeIgniter))
11 FCPATH\index.php(56): CodeIgniter\Boot::bootWeb(Object(Config\Paths))
12 SYSTEMPATH\Commands\Server\rewrite.php(49): require_once('C:\\xampp\\htdocs\\ci4\\public\\index.php')
CRITICAL - 2024-05-15 03:07:34 --> BadMethodCallException: Call to undefined method App\Models\Bendahara_model::getPotongan
[Method: GET, Route: bendahara]
in SYSTEMPATH\Model.php on line 921.
 1 APPPATH\Controllers\Bendahara.php(14): CodeIgniter\Model->__call('getPotongan', [])
 2 SYSTEMPATH\CodeIgniter.php(933): App\Controllers\Bendahara->index()
 3 SYSTEMPATH\CodeIgniter.php(509): CodeIgniter\CodeIgniter->runController(Object(App\Controllers\Bendahara))
 4 SYSTEMPATH\CodeIgniter.php(355): CodeIgniter\CodeIgniter->handleRequest(null, Object(Config\Cache), false)
 5 SYSTEMPATH\Boot.php(312): CodeIgniter\CodeIgniter->run()
 6 SYSTEMPATH\Boot.php(67): CodeIgniter\Boot::runCodeIgniter(Object(CodeIgniter\CodeIgniter))
 7 FCPATH\index.php(56): CodeIgniter\Boot::bootWeb(Object(Config\Paths))
 8 SYSTEMPATH\Commands\Server\rewrite.php(49): require_once('C:\\xampp\\htdocs\\ci4\\public\\index.php')
CRITICAL - 2024-05-15 03:16:08 --> BadMethodCallException: Call to undefined method App\Models\Bendahara_model::savepotongan
[Method: POST, Route: bendahara/add]
in SYSTEMPATH\Model.php on line 921.
 1 APPPATH\Controllers\Bendahara.php(28): CodeIgniter\Model->__call('savepotongan', [...])
 2 SYSTEMPATH\CodeIgniter.php(933): App\Controllers\Bendahara->add()
 3 SYSTEMPATH\CodeIgniter.php(509): CodeIgniter\CodeIgniter->runController(Object(App\Controllers\Bendahara))
 4 SYSTEMPATH\CodeIgniter.php(355): CodeIgniter\CodeIgniter->handleRequest(null, Object(Config\Cache), false)
 5 SYSTEMPATH\Boot.php(312): CodeIgniter\CodeIgniter->run()
 6 SYSTEMPATH\Boot.php(67): CodeIgniter\Boot::runCodeIgniter(Object(CodeIgniter\CodeIgniter))
 7 FCPATH\index.php(56): CodeIgniter\Boot::bootWeb(Object(Config\Paths))
 8 SYSTEMPATH\Commands\Server\rewrite.php(49): require_once('C:\\xampp\\htdocs\\ci4\\public\\index.php')
ERROR - 2024-05-15 03:17:16 --> mysqli_sql_exception: Unknown column 'username' in 'field list' in C:\xampp\htdocs\ci4\system\Database\MySQLi\Connection.php:308
Stack trace:
#0 C:\xampp\htdocs\ci4\system\Database\MySQLi\Connection.php(308): mysqli->query('INSERT INTO `be...', 0)
#1 C:\xampp\htdocs\ci4\system\Database\BaseConnection.php(722): CodeIgniter\Database\MySQLi\Connection->execute('INSERT INTO `be...')
#2 C:\xampp\htdocs\ci4\system\Database\BaseConnection.php(636): CodeIgniter\Database\BaseConnection->simpleQuery('INSERT INTO `be...')
#3 C:\xampp\htdocs\ci4\system\Database\BaseBuilder.php(2325): CodeIgniter\Database\BaseConnection->query('INSERT INTO `be...', Array, false)
#4 C:\xampp\htdocs\ci4\app\Models\Bendahara_Model.php(23): CodeIgniter\Database\BaseBuilder->insert(Array)
#5 C:\xampp\htdocs\ci4\app\Controllers\Bendahara.php(28): App\Models\Bendahara_model->saveBendahara(Array)
#6 C:\xampp\htdocs\ci4\system\CodeIgniter.php(933): App\Controllers\Bendahara->add()
#7 C:\xampp\htdocs\ci4\system\CodeIgniter.php(509): CodeIgniter\CodeIgniter->runController(Object(App\Controllers\Bendahara))
#8 C:\xampp\htdocs\ci4\system\CodeIgniter.php(355): CodeIgniter\CodeIgniter->handleRequest(NULL, Object(Config\Cache), false)
#9 C:\xampp\htdocs\ci4\system\Boot.php(312): CodeIgniter\CodeIgniter->run()
#10 C:\xampp\htdocs\ci4\system\Boot.php(67): CodeIgniter\Boot::runCodeIgniter(Object(CodeIgniter\CodeIgniter))
#11 C:\xampp\htdocs\ci4\public\index.php(56): CodeIgniter\Boot::bootWeb(Object(Config\Paths))
#12 C:\xampp\htdocs\ci4\system\Commands\Server\rewrite.php(49): require_once('C:\\xampp\\htdocs...')
#13 {main}
CRITICAL - 2024-05-15 03:17:16 --> CodeIgniter\Database\Exceptions\DatabaseException: Unknown column 'username' in 'field list'
[Method: POST, Route: bendahara/add]
in SYSTEMPATH\Database\BaseConnection.php on line 676.
 1 SYSTEMPATH\Database\BaseBuilder.php(2325): CodeIgniter\Database\BaseConnection->query('INSERT INTO `bendahara` (`kode_user`, `username`, `pass`) VALUES (:kode_user:, :username:, :pass:)', [...], false)
 2 APPPATH\Models\Bendahara_Model.php(23): CodeIgniter\Database\BaseBuilder->insert([...])
 3 APPPATH\Controllers\Bendahara.php(28): App\Models\Bendahara_model->saveBendahara([...])
 4 SYSTEMPATH\CodeIgniter.php(933): App\Controllers\Bendahara->add()
 5 SYSTEMPATH\CodeIgniter.php(509): CodeIgniter\CodeIgniter->runController(Object(App\Controllers\Bendahara))
 6 SYSTEMPATH\CodeIgniter.php(355): CodeIgniter\CodeIgniter->handleRequest(null, Object(Config\Cache), false)
 7 SYSTEMPATH\Boot.php(312): CodeIgniter\CodeIgniter->run()
 8 SYSTEMPATH\Boot.php(67): CodeIgniter\Boot::runCodeIgniter(Object(CodeIgniter\CodeIgniter))
 9 FCPATH\index.php(56): CodeIgniter\Boot::bootWeb(Object(Config\Paths))
10 SYSTEMPATH\Commands\Server\rewrite.php(49): require_once('C:\\xampp\\htdocs\\ci4\\public\\index.php')
CRITICAL - 2024-05-15 03:17:16 --> [Caused by] CodeIgniter\Database\Exceptions\DatabaseException: Unknown column 'username' in 'field list'
in SYSTEMPATH\Database\MySQLi\Connection.php on line 313.
 1 SYSTEMPATH\Database\BaseConnection.php(722): CodeIgniter\Database\MySQLi\Connection->execute('INSERT INTO `bendahara` (`kode_user`, `username`, `pass`) VALUES (\'23\', \'ariandika\', \'123\')')
 2 SYSTEMPATH\Database\BaseConnection.php(636): CodeIgniter\Database\BaseConnection->simpleQuery('INSERT INTO `bendahara` (`kode_user`, `username`, `pass`) VALUES (\'23\', \'ariandika\', \'123\')')
 3 SYSTEMPATH\Database\BaseBuilder.php(2325): CodeIgniter\Database\BaseConnection->query('INSERT INTO `bendahara` (`kode_user`, `username`, `pass`) VALUES (:kode_user:, :username:, :pass:)', [...], false)
 4 APPPATH\Models\Bendahara_Model.php(23): CodeIgniter\Database\BaseBuilder->insert([...])
 5 APPPATH\Controllers\Bendahara.php(28): App\Models\Bendahara_model->saveBendahara([...])
 6 SYSTEMPATH\CodeIgniter.php(933): App\Controllers\Bendahara->add()
 7 SYSTEMPATH\CodeIgniter.php(509): CodeIgniter\CodeIgniter->runController(Object(App\Controllers\Bendahara))
 8 SYSTEMPATH\CodeIgniter.php(355): CodeIgniter\CodeIgniter->handleRequest(null, Object(Config\Cache), false)
 9 SYSTEMPATH\Boot.php(312): CodeIgniter\CodeIgniter->run()
10 SYSTEMPATH\Boot.php(67): CodeIgniter\Boot::runCodeIgniter(Object(CodeIgniter\CodeIgniter))
11 FCPATH\index.php(56): CodeIgniter\Boot::bootWeb(Object(Config\Paths))
12 SYSTEMPATH\Commands\Server\rewrite.php(49): require_once('C:\\xampp\\htdocs\\ci4\\public\\index.php')
CRITICAL - 2024-05-15 03:17:16 --> [Caused by] mysqli_sql_exception: Unknown column 'username' in 'field list'
in SYSTEMPATH\Database\MySQLi\Connection.php on line 308.
 1 SYSTEMPATH\Database\MySQLi\Connection.php(308): mysqli->query('INSERT INTO `bendahara` (`kode_user`, `username`, `pass`) VALUES (\'23\', \'ariandika\', \'123\')', 0)
 2 SYSTEMPATH\Database\BaseConnection.php(722): CodeIgniter\Database\MySQLi\Connection->execute('INSERT INTO `bendahara` (`kode_user`, `username`, `pass`) VALUES (\'23\', \'ariandika\', \'123\')')
 3 SYSTEMPATH\Database\BaseConnection.php(636): CodeIgniter\Database\BaseConnection->simpleQuery('INSERT INTO `bendahara` (`kode_user`, `username`, `pass`) VALUES (\'23\', \'ariandika\', \'123\')')
 4 SYSTEMPATH\Database\BaseBuilder.php(2325): CodeIgniter\Database\BaseConnection->query('INSERT INTO `bendahara` (`kode_user`, `username`, `pass`) VALUES (:kode_user:, :username:, :pass:)', [...], false)
 5 APPPATH\Models\Bendahara_Model.php(23): CodeIgniter\Database\BaseBuilder->insert([...])
 6 APPPATH\Controllers\Bendahara.php(28): App\Models\Bendahara_model->saveBendahara([...])
 7 SYSTEMPATH\CodeIgniter.php(933): App\Controllers\Bendahara->add()
 8 SYSTEMPATH\CodeIgniter.php(509): CodeIgniter\CodeIgniter->runController(Object(App\Controllers\Bendahara))
 9 SYSTEMPATH\CodeIgniter.php(355): CodeIgniter\CodeIgniter->handleRequest(null, Object(Config\Cache), false)
10 SYSTEMPATH\Boot.php(312): CodeIgniter\CodeIgniter->run()
11 SYSTEMPATH\Boot.php(67): CodeIgniter\Boot::runCodeIgniter(Object(CodeIgniter\CodeIgniter))
12 FCPATH\index.php(56): CodeIgniter\Boot::bootWeb(Object(Config\Paths))
13 SYSTEMPATH\Commands\Server\rewrite.php(49): require_once('C:\\xampp\\htdocs\\ci4\\public\\index.php')
ERROR - 2024-05-15 03:18:00 --> mysqli_sql_exception: Unknown column 'username' in 'field list' in C:\xampp\htdocs\ci4\system\Database\MySQLi\Connection.php:308
Stack trace:
#0 C:\xampp\htdocs\ci4\system\Database\MySQLi\Connection.php(308): mysqli->query('INSERT INTO `be...', 0)
#1 C:\xampp\htdocs\ci4\system\Database\BaseConnection.php(722): CodeIgniter\Database\MySQLi\Connection->execute('INSERT INTO `be...')
#2 C:\xampp\htdocs\ci4\system\Database\BaseConnection.php(636): CodeIgniter\Database\BaseConnection->simpleQuery('INSERT INTO `be...')
#3 C:\xampp\htdocs\ci4\system\Database\BaseBuilder.php(2325): CodeIgniter\Database\BaseConnection->query('INSERT INTO `be...', Array, false)
#4 C:\xampp\htdocs\ci4\app\Models\Bendahara_Model.php(23): CodeIgniter\Database\BaseBuilder->insert(Array)
#5 C:\xampp\htdocs\ci4\app\Controllers\Bendahara.php(28): App\Models\Bendahara_model->saveBendahara(Array)
#6 C:\xampp\htdocs\ci4\system\CodeIgniter.php(933): App\Controllers\Bendahara->add()
#7 C:\xampp\htdocs\ci4\system\CodeIgniter.php(509): CodeIgniter\CodeIgniter->runController(Object(App\Controllers\Bendahara))
#8 C:\xampp\htdocs\ci4\system\CodeIgniter.php(355): CodeIgniter\CodeIgniter->handleRequest(NULL, Object(Config\Cache), false)
#9 C:\xampp\htdocs\ci4\system\Boot.php(312): CodeIgniter\CodeIgniter->run()
#10 C:\xampp\htdocs\ci4\system\Boot.php(67): CodeIgniter\Boot::runCodeIgniter(Object(CodeIgniter\CodeIgniter))
#11 C:\xampp\htdocs\ci4\public\index.php(56): CodeIgniter\Boot::bootWeb(Object(Config\Paths))
#12 C:\xampp\htdocs\ci4\system\Commands\Server\rewrite.php(49): require_once('C:\\xampp\\htdocs...')
#13 {main}
CRITICAL - 2024-05-15 03:18:00 --> CodeIgniter\Database\Exceptions\DatabaseException: Unknown column 'username' in 'field list'
[Method: POST, Route: bendahara/add]
in SYSTEMPATH\Database\BaseConnection.php on line 676.
 1 SYSTEMPATH\Database\BaseBuilder.php(2325): CodeIgniter\Database\BaseConnection->query('INSERT INTO `bendahara` (`kode_user`, `username`, `pass`) VALUES (:kode_user:, :username:, :pass:)', [...], false)
 2 APPPATH\Models\Bendahara_Model.php(23): CodeIgniter\Database\BaseBuilder->insert([...])
 3 APPPATH\Controllers\Bendahara.php(28): App\Models\Bendahara_model->saveBendahara([...])
 4 SYSTEMPATH\CodeIgniter.php(933): App\Controllers\Bendahara->add()
 5 SYSTEMPATH\CodeIgniter.php(509): CodeIgniter\CodeIgniter->runController(Object(App\Controllers\Bendahara))
 6 SYSTEMPATH\CodeIgniter.php(355): CodeIgniter\CodeIgniter->handleRequest(null, Object(Config\Cache), false)
 7 SYSTEMPATH\Boot.php(312): CodeIgniter\CodeIgniter->run()
 8 SYSTEMPATH\Boot.php(67): CodeIgniter\Boot::runCodeIgniter(Object(CodeIgniter\CodeIgniter))
 9 FCPATH\index.php(56): CodeIgniter\Boot::bootWeb(Object(Config\Paths))
10 SYSTEMPATH\Commands\Server\rewrite.php(49): require_once('C:\\xampp\\htdocs\\ci4\\public\\index.php')
CRITICAL - 2024-05-15 03:18:00 --> [Caused by] CodeIgniter\Database\Exceptions\DatabaseException: Unknown column 'username' in 'field list'
in SYSTEMPATH\Database\MySQLi\Connection.php on line 313.
 1 SYSTEMPATH\Database\BaseConnection.php(722): CodeIgniter\Database\MySQLi\Connection->execute('INSERT INTO `bendahara` (`kode_user`, `username`, `pass`) VALUES (\'23\', \'ariandika\', \'123\')')
 2 SYSTEMPATH\Database\BaseConnection.php(636): CodeIgniter\Database\BaseConnection->simpleQuery('INSERT INTO `bendahara` (`kode_user`, `username`, `pass`) VALUES (\'23\', \'ariandika\', \'123\')')
 3 SYSTEMPATH\Database\BaseBuilder.php(2325): CodeIgniter\Database\BaseConnection->query('INSERT INTO `bendahara` (`kode_user`, `username`, `pass`) VALUES (:kode_user:, :username:, :pass:)', [...], false)
 4 APPPATH\Models\Bendahara_Model.php(23): CodeIgniter\Database\BaseBuilder->insert([...])
 5 APPPATH\Controllers\Bendahara.php(28): App\Models\Bendahara_model->saveBendahara([...])
 6 SYSTEMPATH\CodeIgniter.php(933): App\Controllers\Bendahara->add()
 7 SYSTEMPATH\CodeIgniter.php(509): CodeIgniter\CodeIgniter->runController(Object(App\Controllers\Bendahara))
 8 SYSTEMPATH\CodeIgniter.php(355): CodeIgniter\CodeIgniter->handleRequest(null, Object(Config\Cache), false)
 9 SYSTEMPATH\Boot.php(312): CodeIgniter\CodeIgniter->run()
10 SYSTEMPATH\Boot.php(67): CodeIgniter\Boot::runCodeIgniter(Object(CodeIgniter\CodeIgniter))
11 FCPATH\index.php(56): CodeIgniter\Boot::bootWeb(Object(Config\Paths))
12 SYSTEMPATH\Commands\Server\rewrite.php(49): require_once('C:\\xampp\\htdocs\\ci4\\public\\index.php')
CRITICAL - 2024-05-15 03:18:00 --> [Caused by] mysqli_sql_exception: Unknown column 'username' in 'field list'
in SYSTEMPATH\Database\MySQLi\Connection.php on line 308.
 1 SYSTEMPATH\Database\MySQLi\Connection.php(308): mysqli->query('INSERT INTO `bendahara` (`kode_user`, `username`, `pass`) VALUES (\'23\', \'ariandika\', \'123\')', 0)
 2 SYSTEMPATH\Database\BaseConnection.php(722): CodeIgniter\Database\MySQLi\Connection->execute('INSERT INTO `bendahara` (`kode_user`, `username`, `pass`) VALUES (\'23\', \'ariandika\', \'123\')')
 3 SYSTEMPATH\Database\BaseConnection.php(636): CodeIgniter\Database\BaseConnection->simpleQuery('INSERT INTO `bendahara` (`kode_user`, `username`, `pass`) VALUES (\'23\', \'ariandika\', \'123\')')
 4 SYSTEMPATH\Database\BaseBuilder.php(2325): CodeIgniter\Database\BaseConnection->query('INSERT INTO `bendahara` (`kode_user`, `username`, `pass`) VALUES (:kode_user:, :username:, :pass:)', [...], false)
 5 APPPATH\Models\Bendahara_Model.php(23): CodeIgniter\Database\BaseBuilder->insert([...])
 6 APPPATH\Controllers\Bendahara.php(28): App\Models\Bendahara_model->saveBendahara([...])
 7 SYSTEMPATH\CodeIgniter.php(933): App\Controllers\Bendahara->add()
 8 SYSTEMPATH\CodeIgniter.php(509): CodeIgniter\CodeIgniter->runController(Object(App\Controllers\Bendahara))
 9 SYSTEMPATH\CodeIgniter.php(355): CodeIgniter\CodeIgniter->handleRequest(null, Object(Config\Cache), false)
10 SYSTEMPATH\Boot.php(312): CodeIgniter\CodeIgniter->run()
11 SYSTEMPATH\Boot.php(67): CodeIgniter\Boot::runCodeIgniter(Object(CodeIgniter\CodeIgniter))
12 FCPATH\index.php(56): CodeIgniter\Boot::bootWeb(Object(Config\Paths))
13 SYSTEMPATH\Commands\Server\rewrite.php(49): require_once('C:\\xampp\\htdocs\\ci4\\public\\index.php')
CRITICAL - 2024-05-15 03:21:07 --> BadMethodCallException: Call to undefined method App\Models\Bendahara_model::hapuspotongan
[Method: GET, Route: bendahara/hapus/22]
in SYSTEMPATH\Model.php on line 921.
 1 APPPATH\Controllers\Bendahara.php(74): CodeIgniter\Model->__call('hapuspotongan', [...])
 2 SYSTEMPATH\CodeIgniter.php(933): App\Controllers\Bendahara->hapus('22')
 3 SYSTEMPATH\CodeIgniter.php(509): CodeIgniter\CodeIgniter->runController(Object(App\Controllers\Bendahara))
 4 SYSTEMPATH\CodeIgniter.php(355): CodeIgniter\CodeIgniter->handleRequest(null, Object(Config\Cache), false)
 5 SYSTEMPATH\Boot.php(312): CodeIgniter\CodeIgniter->run()
 6 SYSTEMPATH\Boot.php(67): CodeIgniter\Boot::runCodeIgniter(Object(CodeIgniter\CodeIgniter))
 7 FCPATH\index.php(56): CodeIgniter\Boot::bootWeb(Object(Config\Paths))
 8 SYSTEMPATH\Commands\Server\rewrite.php(49): require_once('C:\\xampp\\htdocs\\ci4\\public\\index.php')
CRITICAL - 2024-05-15 03:21:08 --> BadMethodCallException: Call to undefined method App\Models\Bendahara_model::hapuspotongan
[Method: GET, Route: bendahara/hapus/22]
in SYSTEMPATH\Model.php on line 921.
 1 APPPATH\Controllers\Bendahara.php(74): CodeIgniter\Model->__call('hapuspotongan', [...])
 2 SYSTEMPATH\CodeIgniter.php(933): App\Controllers\Bendahara->hapus('22')
 3 SYSTEMPATH\CodeIgniter.php(509): CodeIgniter\CodeIgniter->runController(Object(App\Controllers\Bendahara))
 4 SYSTEMPATH\CodeIgniter.php(355): CodeIgniter\CodeIgniter->handleRequest(null, Object(Config\Cache), false)
 5 SYSTEMPATH\Boot.php(312): CodeIgniter\CodeIgniter->run()
 6 SYSTEMPATH\Boot.php(67): CodeIgniter\Boot::runCodeIgniter(Object(CodeIgniter\CodeIgniter))
 7 FCPATH\index.php(56): CodeIgniter\Boot::bootWeb(Object(Config\Paths))
 8 SYSTEMPATH\Commands\Server\rewrite.php(49): require_once('C:\\xampp\\htdocs\\ci4\\public\\index.php')
CRITICAL - 2024-05-15 03:43:36 --> Error: Class "App\Models\Penggajian_model" not found
[Method: GET, Route: penggajian]
in APPPATH\Controllers\Penggajian.php on line 12.
 1 SYSTEMPATH\CodeIgniter.php(933): App\Controllers\Penggajian->index()
 2 SYSTEMPATH\CodeIgniter.php(509): CodeIgniter\CodeIgniter->runController(Object(App\Controllers\Penggajian))
 3 SYSTEMPATH\CodeIgniter.php(355): CodeIgniter\CodeIgniter->handleRequest(null, Object(Config\Cache), false)
 4 SYSTEMPATH\Boot.php(312): CodeIgniter\CodeIgniter->run()
 5 SYSTEMPATH\Boot.php(67): CodeIgniter\Boot::runCodeIgniter(Object(CodeIgniter\CodeIgniter))
 6 FCPATH\index.php(56): CodeIgniter\Boot::bootWeb(Object(Config\Paths))
 7 SYSTEMPATH\Commands\Server\rewrite.php(49): require_once('C:\\xampp\\htdocs\\ci4\\public\\index.php')
ERROR - 2024-05-15 03:53:48 --> mysqli_sql_exception: Duplicate entry '2939' for key 'PRIMARY' in C:\xampp\htdocs\ci4\system\Database\MySQLi\Connection.php:308
Stack trace:
#0 C:\xampp\htdocs\ci4\system\Database\MySQLi\Connection.php(308): mysqli->query('INSERT INTO `po...', 0)
#1 C:\xampp\htdocs\ci4\system\Database\BaseConnection.php(722): CodeIgniter\Database\MySQLi\Connection->execute('INSERT INTO `po...')
#2 C:\xampp\htdocs\ci4\system\Database\BaseConnection.php(636): CodeIgniter\Database\BaseConnection->simpleQuery('INSERT INTO `po...')
#3 C:\xampp\htdocs\ci4\system\Database\BaseBuilder.php(2325): CodeIgniter\Database\BaseConnection->query('INSERT INTO `po...', Array, false)
#4 C:\xampp\htdocs\ci4\app\Models\Potongan_Model.php(23): CodeIgniter\Database\BaseBuilder->insert(Array)
#5 C:\xampp\htdocs\ci4\app\Controllers\Potongan.php(28): App\Models\Potongan_model->savePotongan(Array)
#6 C:\xampp\htdocs\ci4\system\CodeIgniter.php(933): App\Controllers\Potongan->add()
#7 C:\xampp\htdocs\ci4\system\CodeIgniter.php(509): CodeIgniter\CodeIgniter->runController(Object(App\Controllers\Potongan))
#8 C:\xampp\htdocs\ci4\system\CodeIgniter.php(355): CodeIgniter\CodeIgniter->handleRequest(NULL, Object(Config\Cache), false)
#9 C:\xampp\htdocs\ci4\system\Boot.php(312): CodeIgniter\CodeIgniter->run()
#10 C:\xampp\htdocs\ci4\system\Boot.php(67): CodeIgniter\Boot::runCodeIgniter(Object(CodeIgniter\CodeIgniter))
#11 C:\xampp\htdocs\ci4\public\index.php(56): CodeIgniter\Boot::bootWeb(Object(Config\Paths))
#12 C:\xampp\htdocs\ci4\system\Commands\Server\rewrite.php(49): require_once('C:\\xampp\\htdocs...')
#13 {main}
CRITICAL - 2024-05-15 03:53:49 --> CodeIgniter\Database\Exceptions\DatabaseException: Duplicate entry '2939' for key 'PRIMARY'
[Method: POST, Route: potongan/add]
in SYSTEMPATH\Database\BaseConnection.php on line 676.
 1 SYSTEMPATH\Database\BaseBuilder.php(2325): CodeIgniter\Database\BaseConnection->query('INSERT INTO `potongan` (`kode_potongan`, `nama_potongan`, `jumlah_potongan`) VALUES (:kode_potongan:, :nama_potongan:, :jumlah_potongan:)', [...], false)
 2 APPPATH\Models\Potongan_Model.php(23): CodeIgniter\Database\BaseBuilder->insert([...])
 3 APPPATH\Controllers\Potongan.php(28): App\Models\Potongan_model->savePotongan([...])
 4 SYSTEMPATH\CodeIgniter.php(933): App\Controllers\Potongan->add()
 5 SYSTEMPATH\CodeIgniter.php(509): CodeIgniter\CodeIgniter->runController(Object(App\Controllers\Potongan))
 6 SYSTEMPATH\CodeIgniter.php(355): CodeIgniter\CodeIgniter->handleRequest(null, Object(Config\Cache), false)
 7 SYSTEMPATH\Boot.php(312): CodeIgniter\CodeIgniter->run()
 8 SYSTEMPATH\Boot.php(67): CodeIgniter\Boot::runCodeIgniter(Object(CodeIgniter\CodeIgniter))
 9 FCPATH\index.php(56): CodeIgniter\Boot::bootWeb(Object(Config\Paths))
10 SYSTEMPATH\Commands\Server\rewrite.php(49): require_once('C:\\xampp\\htdocs\\ci4\\public\\index.php')
CRITICAL - 2024-05-15 03:53:49 --> [Caused by] CodeIgniter\Database\Exceptions\DatabaseException: Duplicate entry '2939' for key 'PRIMARY'
in SYSTEMPATH\Database\MySQLi\Connection.php on line 313.
 1 SYSTEMPATH\Database\BaseConnection.php(722): CodeIgniter\Database\MySQLi\Connection->execute('INSERT INTO `potongan` (`kode_potongan`, `nama_potongan`, `jumlah_potongan`) VALUES (\'2939\', \'Potongan anak\', \'2000\')')
 2 SYSTEMPATH\Database\BaseConnection.php(636): CodeIgniter\Database\BaseConnection->simpleQuery('INSERT INTO `potongan` (`kode_potongan`, `nama_potongan`, `jumlah_potongan`) VALUES (\'2939\', \'Potongan anak\', \'2000\')')
 3 SYSTEMPATH\Database\BaseBuilder.php(2325): CodeIgniter\Database\BaseConnection->query('INSERT INTO `potongan` (`kode_potongan`, `nama_potongan`, `jumlah_potongan`) VALUES (:kode_potongan:, :nama_potongan:, :jumlah_potongan:)', [...], false)
 4 APPPATH\Models\Potongan_Model.php(23): CodeIgniter\Database\BaseBuilder->insert([...])
 5 APPPATH\Controllers\Potongan.php(28): App\Models\Potongan_model->savePotongan([...])
 6 SYSTEMPATH\CodeIgniter.php(933): App\Controllers\Potongan->add()
 7 SYSTEMPATH\CodeIgniter.php(509): CodeIgniter\CodeIgniter->runController(Object(App\Controllers\Potongan))
 8 SYSTEMPATH\CodeIgniter.php(355): CodeIgniter\CodeIgniter->handleRequest(null, Object(Config\Cache), false)
 9 SYSTEMPATH\Boot.php(312): CodeIgniter\CodeIgniter->run()
10 SYSTEMPATH\Boot.php(67): CodeIgniter\Boot::runCodeIgniter(Object(CodeIgniter\CodeIgniter))
11 FCPATH\index.php(56): CodeIgniter\Boot::bootWeb(Object(Config\Paths))
12 SYSTEMPATH\Commands\Server\rewrite.php(49): require_once('C:\\xampp\\htdocs\\ci4\\public\\index.php')
CRITICAL - 2024-05-15 03:53:49 --> [Caused by] mysqli_sql_exception: Duplicate entry '2939' for key 'PRIMARY'
in SYSTEMPATH\Database\MySQLi\Connection.php on line 308.
 1 SYSTEMPATH\Database\MySQLi\Connection.php(308): mysqli->query('INSERT INTO `potongan` (`kode_potongan`, `nama_potongan`, `jumlah_potongan`) VALUES (\'2939\', \'Potongan anak\', \'2000\')', 0)
 2 SYSTEMPATH\Database\BaseConnection.php(722): CodeIgniter\Database\MySQLi\Connection->execute('INSERT INTO `potongan` (`kode_potongan`, `nama_potongan`, `jumlah_potongan`) VALUES (\'2939\', \'Potongan anak\', \'2000\')')
 3 SYSTEMPATH\Database\BaseConnection.php(636): CodeIgniter\Database\BaseConnection->simpleQuery('INSERT INTO `potongan` (`kode_potongan`, `nama_potongan`, `jumlah_potongan`) VALUES (\'2939\', \'Potongan anak\', \'2000\')')
 4 SYSTEMPATH\Database\BaseBuilder.php(2325): CodeIgniter\Database\BaseConnection->query('INSERT INTO `potongan` (`kode_potongan`, `nama_potongan`, `jumlah_potongan`) VALUES (:kode_potongan:, :nama_potongan:, :jumlah_potongan:)', [...], false)
 5 APPPATH\Models\Potongan_Model.php(23): CodeIgniter\Database\BaseBuilder->insert([...])
 6 APPPATH\Controllers\Potongan.php(28): App\Models\Potongan_model->savePotongan([...])
 7 SYSTEMPATH\CodeIgniter.php(933): App\Controllers\Potongan->add()
 8 SYSTEMPATH\CodeIgniter.php(509): CodeIgniter\CodeIgniter->runController(Object(App\Controllers\Potongan))
 9 SYSTEMPATH\CodeIgniter.php(355): CodeIgniter\CodeIgniter->handleRequest(null, Object(Config\Cache), false)
10 SYSTEMPATH\Boot.php(312): CodeIgniter\CodeIgniter->run()
11 SYSTEMPATH\Boot.php(67): CodeIgniter\Boot::runCodeIgniter(Object(CodeIgniter\CodeIgniter))
12 FCPATH\index.php(56): CodeIgniter\Boot::bootWeb(Object(Config\Paths))
13 SYSTEMPATH\Commands\Server\rewrite.php(49): require_once('C:\\xampp\\htdocs\\ci4\\public\\index.php')
CRITICAL - 2024-05-15 04:30:09 --> BadMethodCallException: Call to undefined method App\Models\Penggajian_Model::savePegawai
[Method: POST, Route: penggajian/add]
in SYSTEMPATH\Model.php on line 921.
 1 APPPATH\Controllers\Penggajian.php(41): CodeIgniter\Model->__call('savePegawai', [...])
 2 SYSTEMPATH\CodeIgniter.php(933): App\Controllers\Penggajian->add()
 3 SYSTEMPATH\CodeIgniter.php(509): CodeIgniter\CodeIgniter->runController(Object(App\Controllers\Penggajian))
 4 SYSTEMPATH\CodeIgniter.php(355): CodeIgniter\CodeIgniter->handleRequest(null, Object(Config\Cache), false)
 5 SYSTEMPATH\Boot.php(312): CodeIgniter\CodeIgniter->run()
 6 SYSTEMPATH\Boot.php(67): CodeIgniter\Boot::runCodeIgniter(Object(CodeIgniter\CodeIgniter))
 7 FCPATH\index.php(56): CodeIgniter\Boot::bootWeb(Object(Config\Paths))
 8 SYSTEMPATH\Commands\Server\rewrite.php(49): require_once('C:\\xampp\\htdocs\\ci4\\public\\index.php')
ERROR - 2024-05-15 04:30:53 --> mysqli_sql_exception: Unknown column 'nama_pegawai' in 'field list' in C:\xampp\htdocs\ci4\system\Database\MySQLi\Connection.php:308
Stack trace:
#0 C:\xampp\htdocs\ci4\system\Database\MySQLi\Connection.php(308): mysqli->query('INSERT INTO `pe...', 0)
#1 C:\xampp\htdocs\ci4\system\Database\BaseConnection.php(722): CodeIgniter\Database\MySQLi\Connection->execute('INSERT INTO `pe...')
#2 C:\xampp\htdocs\ci4\system\Database\BaseConnection.php(636): CodeIgniter\Database\BaseConnection->simpleQuery('INSERT INTO `pe...')
#3 C:\xampp\htdocs\ci4\system\Database\BaseBuilder.php(2325): CodeIgniter\Database\BaseConnection->query('INSERT INTO `pe...', Array, false)
#4 C:\xampp\htdocs\ci4\app\Models\Penggajian_Model.php(23): CodeIgniter\Database\BaseBuilder->insert(Array)
#5 C:\xampp\htdocs\ci4\app\Controllers\Penggajian.php(41): App\Models\Penggajian_Model->savePenggajian(Array)
#6 C:\xampp\htdocs\ci4\system\CodeIgniter.php(933): App\Controllers\Penggajian->add()
#7 C:\xampp\htdocs\ci4\system\CodeIgniter.php(509): CodeIgniter\CodeIgniter->runController(Object(App\Controllers\Penggajian))
#8 C:\xampp\htdocs\ci4\system\CodeIgniter.php(355): CodeIgniter\CodeIgniter->handleRequest(NULL, Object(Config\Cache), false)
#9 C:\xampp\htdocs\ci4\system\Boot.php(312): CodeIgniter\CodeIgniter->run()
#10 C:\xampp\htdocs\ci4\system\Boot.php(67): CodeIgniter\Boot::runCodeIgniter(Object(CodeIgniter\CodeIgniter))
#11 C:\xampp\htdocs\ci4\public\index.php(56): CodeIgniter\Boot::bootWeb(Object(Config\Paths))
#12 C:\xampp\htdocs\ci4\system\Commands\Server\rewrite.php(49): require_once('C:\\xampp\\htdocs...')
#13 {main}
CRITICAL - 2024-05-15 04:30:53 --> CodeIgniter\Database\Exceptions\DatabaseException: Unknown column 'nama_pegawai' in 'field list'
[Method: POST, Route: penggajian/add]
in SYSTEMPATH\Database\BaseConnection.php on line 676.
 1 SYSTEMPATH\Database\BaseBuilder.php(2325): CodeIgniter\Database\BaseConnection->query('INSERT INTO `penggajian` (`kode_penggajian`, `nama_pegawai`, `tmpt_lahir`, `tunj_anak`, `tunj_jabatan`, `tunj_beras`, `tukin`, `uang_makan`, `pot_rwp`, `pot_pph`, `biapetarum`, `sewa_rmh_dinas`, `gaji_bersih`, `kode_pegawai`, `kode_tunjangan`, `kode_potongan`) VALUES (:kode_penggajian:, :nama_pegawai:, :tmpt_lahir:, :tunj_anak:, :tunj_jabatan:, :tunj_beras:, :tukin:, :uang_makan:, :pot_rwp:, :pot_pph:, :biapetarum:, :sewa_rmh_dinas:, :gaji_bersih:, :kode_pegawai:, :kode_tunjangan:, :kode_potongan:)', [...], false)
 2 APPPATH\Models\Penggajian_Model.php(23): CodeIgniter\Database\BaseBuilder->insert([...])
 3 APPPATH\Controllers\Penggajian.php(41): App\Models\Penggajian_Model->savePenggajian([...])
 4 SYSTEMPATH\CodeIgniter.php(933): App\Controllers\Penggajian->add()
 5 SYSTEMPATH\CodeIgniter.php(509): CodeIgniter\CodeIgniter->runController(Object(App\Controllers\Penggajian))
 6 SYSTEMPATH\CodeIgniter.php(355): CodeIgniter\CodeIgniter->handleRequest(null, Object(Config\Cache), false)
 7 SYSTEMPATH\Boot.php(312): CodeIgniter\CodeIgniter->run()
 8 SYSTEMPATH\Boot.php(67): CodeIgniter\Boot::runCodeIgniter(Object(CodeIgniter\CodeIgniter))
 9 FCPATH\index.php(56): CodeIgniter\Boot::bootWeb(Object(Config\Paths))
10 SYSTEMPATH\Commands\Server\rewrite.php(49): require_once('C:\\xampp\\htdocs\\ci4\\public\\index.php')
CRITICAL - 2024-05-15 04:30:53 --> [Caused by] CodeIgniter\Database\Exceptions\DatabaseException: Unknown column 'nama_pegawai' in 'field list'
in SYSTEMPATH\Database\MySQLi\Connection.php on line 313.
 1 SYSTEMPATH\Database\BaseConnection.php(722): CodeIgniter\Database\MySQLi\Connection->execute('INSERT INTO `penggajian` (`kode_penggajian`, `nama_pegawai`, `tmpt_lahir`, `tunj_anak`, `tunj_jabatan`, `tunj_beras`, `tukin`, `uang_makan`, `pot_rwp`, `pot_pph`, `biapetarum`, `sewa_rmh_dinas`, `gaji_bersih`, `kode_pegawai`, `kode_tunjangan`, `kode_potongan`) VALUES (\'2\', NULL, NULL, \'100\', \'100\', \'100\', \'100\', \'100\', \'100\', \'00\', \'0\', \'0\', \'0\', \'0\', \'0\', \'0\')')
 2 SYSTEMPATH\Database\BaseConnection.php(636): CodeIgniter\Database\BaseConnection->simpleQuery('INSERT INTO `penggajian` (`kode_penggajian`, `nama_pegawai`, `tmpt_lahir`, `tunj_anak`, `tunj_jabatan`, `tunj_beras`, `tukin`, `uang_makan`, `pot_rwp`, `pot_pph`, `biapetarum`, `sewa_rmh_dinas`, `gaji_bersih`, `kode_pegawai`, `kode_tunjangan`, `kode_potongan`) VALUES (\'2\', NULL, NULL, \'100\', \'100\', \'100\', \'100\', \'100\', \'100\', \'00\', \'0\', \'0\', \'0\', \'0\', \'0\', \'0\')')
 3 SYSTEMPATH\Database\BaseBuilder.php(2325): CodeIgniter\Database\BaseConnection->query('INSERT INTO `penggajian` (`kode_penggajian`, `nama_pegawai`, `tmpt_lahir`, `tunj_anak`, `tunj_jabatan`, `tunj_beras`, `tukin`, `uang_makan`, `pot_rwp`, `pot_pph`, `biapetarum`, `sewa_rmh_dinas`, `gaji_bersih`, `kode_pegawai`, `kode_tunjangan`, `kode_potongan`) VALUES (:kode_penggajian:, :nama_pegawai:, :tmpt_lahir:, :tunj_anak:, :tunj_jabatan:, :tunj_beras:, :tukin:, :uang_makan:, :pot_rwp:, :pot_pph:, :biapetarum:, :sewa_rmh_dinas:, :gaji_bersih:, :kode_pegawai:, :kode_tunjangan:, :kode_potongan:)', [...], false)
 4 APPPATH\Models\Penggajian_Model.php(23): CodeIgniter\Database\BaseBuilder->insert([...])
 5 APPPATH\Controllers\Penggajian.php(41): App\Models\Penggajian_Model->savePenggajian([...])
 6 SYSTEMPATH\CodeIgniter.php(933): App\Controllers\Penggajian->add()
 7 SYSTEMPATH\CodeIgniter.php(509): CodeIgniter\CodeIgniter->runController(Object(App\Controllers\Penggajian))
 8 SYSTEMPATH\CodeIgniter.php(355): CodeIgniter\CodeIgniter->handleRequest(null, Object(Config\Cache), false)
 9 SYSTEMPATH\Boot.php(312): CodeIgniter\CodeIgniter->run()
10 SYSTEMPATH\Boot.php(67): CodeIgniter\Boot::runCodeIgniter(Object(CodeIgniter\CodeIgniter))
11 FCPATH\index.php(56): CodeIgniter\Boot::bootWeb(Object(Config\Paths))
12 SYSTEMPATH\Commands\Server\rewrite.php(49): require_once('C:\\xampp\\htdocs\\ci4\\public\\index.php')
CRITICAL - 2024-05-15 04:30:53 --> [Caused by] mysqli_sql_exception: Unknown column 'nama_pegawai' in 'field list'
in SYSTEMPATH\Database\MySQLi\Connection.php on line 308.
 1 SYSTEMPATH\Database\MySQLi\Connection.php(308): mysqli->query('INSERT INTO `penggajian` (`kode_penggajian`, `nama_pegawai`, `tmpt_lahir`, `tunj_anak`, `tunj_jabatan`, `tunj_beras`, `tukin`, `uang_makan`, `pot_rwp`, `pot_pph`, `biapetarum`, `sewa_rmh_dinas`, `gaji_bersih`, `kode_pegawai`, `kode_tunjangan`, `kode_potongan`) VALUES (\'2\', NULL, NULL, \'100\', \'100\', \'100\', \'100\', \'100\', \'100\', \'00\', \'0\', \'0\', \'0\', \'0\', \'0\', \'0\')', 0)
 2 SYSTEMPATH\Database\BaseConnection.php(722): CodeIgniter\Database\MySQLi\Connection->execute('INSERT INTO `penggajian` (`kode_penggajian`, `nama_pegawai`, `tmpt_lahir`, `tunj_anak`, `tunj_jabatan`, `tunj_beras`, `tukin`, `uang_makan`, `pot_rwp`, `pot_pph`, `biapetarum`, `sewa_rmh_dinas`, `gaji_bersih`, `kode_pegawai`, `kode_tunjangan`, `kode_potongan`) VALUES (\'2\', NULL, NULL, \'100\', \'100\', \'100\', \'100\', \'100\', \'100\', \'00\', \'0\', \'0\', \'0\', \'0\', \'0\', \'0\')')
 3 SYSTEMPATH\Database\BaseConnection.php(636): CodeIgniter\Database\BaseConnection->simpleQuery('INSERT INTO `penggajian` (`kode_penggajian`, `nama_pegawai`, `tmpt_lahir`, `tunj_anak`, `tunj_jabatan`, `tunj_beras`, `tukin`, `uang_makan`, `pot_rwp`, `pot_pph`, `biapetarum`, `sewa_rmh_dinas`, `gaji_bersih`, `kode_pegawai`, `kode_tunjangan`, `kode_potongan`) VALUES (\'2\', NULL, NULL, \'100\', \'100\', \'100\', \'100\', \'100\', \'100\', \'00\', \'0\', \'0\', \'0\', \'0\', \'0\', \'0\')')
 4 SYSTEMPATH\Database\BaseBuilder.php(2325): CodeIgniter\Database\BaseConnection->query('INSERT INTO `penggajian` (`kode_penggajian`, `nama_pegawai`, `tmpt_lahir`, `tunj_anak`, `tunj_jabatan`, `tunj_beras`, `tukin`, `uang_makan`, `pot_rwp`, `pot_pph`, `biapetarum`, `sewa_rmh_dinas`, `gaji_bersih`, `kode_pegawai`, `kode_tunjangan`, `kode_potongan`) VALUES (:kode_penggajian:, :nama_pegawai:, :tmpt_lahir:, :tunj_anak:, :tunj_jabatan:, :tunj_beras:, :tukin:, :uang_makan:, :pot_rwp:, :pot_pph:, :biapetarum:, :sewa_rmh_dinas:, :gaji_bersih:, :kode_pegawai:, :kode_tunjangan:, :kode_potongan:)', [...], false)
 5 APPPATH\Models\Penggajian_Model.php(23): CodeIgniter\Database\BaseBuilder->insert([...])
 6 APPPATH\Controllers\Penggajian.php(41): App\Models\Penggajian_Model->savePenggajian([...])
 7 SYSTEMPATH\CodeIgniter.php(933): App\Controllers\Penggajian->add()
 8 SYSTEMPATH\CodeIgniter.php(509): CodeIgniter\CodeIgniter->runController(Object(App\Controllers\Penggajian))
 9 SYSTEMPATH\CodeIgniter.php(355): CodeIgniter\CodeIgniter->handleRequest(null, Object(Config\Cache), false)
10 SYSTEMPATH\Boot.php(312): CodeIgniter\CodeIgniter->run()
11 SYSTEMPATH\Boot.php(67): CodeIgniter\Boot::runCodeIgniter(Object(CodeIgniter\CodeIgniter))
12 FCPATH\index.php(56): CodeIgniter\Boot::bootWeb(Object(Config\Paths))
13 SYSTEMPATH\Commands\Server\rewrite.php(49): require_once('C:\\xampp\\htdocs\\ci4\\public\\index.php')
ERROR - 2024-05-15 04:31:53 --> mysqli_sql_exception: Column 'tunj_istri_suami' cannot be null in C:\xampp\htdocs\ci4\system\Database\MySQLi\Connection.php:308
Stack trace:
#0 C:\xampp\htdocs\ci4\system\Database\MySQLi\Connection.php(308): mysqli->query('INSERT INTO `pe...', 0)
#1 C:\xampp\htdocs\ci4\system\Database\BaseConnection.php(722): CodeIgniter\Database\MySQLi\Connection->execute('INSERT INTO `pe...')
#2 C:\xampp\htdocs\ci4\system\Database\BaseConnection.php(636): CodeIgniter\Database\BaseConnection->simpleQuery('INSERT INTO `pe...')
#3 C:\xampp\htdocs\ci4\system\Database\BaseBuilder.php(2325): CodeIgniter\Database\BaseConnection->query('INSERT INTO `pe...', Array, false)
#4 C:\xampp\htdocs\ci4\app\Models\Penggajian_Model.php(23): CodeIgniter\Database\BaseBuilder->insert(Array)
#5 C:\xampp\htdocs\ci4\app\Controllers\Penggajian.php(40): App\Models\Penggajian_Model->savePenggajian(Array)
#6 C:\xampp\htdocs\ci4\system\CodeIgniter.php(933): App\Controllers\Penggajian->add()
#7 C:\xampp\htdocs\ci4\system\CodeIgniter.php(509): CodeIgniter\CodeIgniter->runController(Object(App\Controllers\Penggajian))
#8 C:\xampp\htdocs\ci4\system\CodeIgniter.php(355): CodeIgniter\CodeIgniter->handleRequest(NULL, Object(Config\Cache), false)
#9 C:\xampp\htdocs\ci4\system\Boot.php(312): CodeIgniter\CodeIgniter->run()
#10 C:\xampp\htdocs\ci4\system\Boot.php(67): CodeIgniter\Boot::runCodeIgniter(Object(CodeIgniter\CodeIgniter))
#11 C:\xampp\htdocs\ci4\public\index.php(56): CodeIgniter\Boot::bootWeb(Object(Config\Paths))
#12 C:\xampp\htdocs\ci4\system\Commands\Server\rewrite.php(49): require_once('C:\\xampp\\htdocs...')
#13 {main}
CRITICAL - 2024-05-15 04:31:53 --> CodeIgniter\Database\Exceptions\DatabaseException: Column 'tunj_istri_suami' cannot be null
[Method: POST, Route: penggajian/add]
in SYSTEMPATH\Database\BaseConnection.php on line 676.
 1 SYSTEMPATH\Database\BaseBuilder.php(2325): CodeIgniter\Database\BaseConnection->query('INSERT INTO `penggajian` (`kode_penggajian`, `tunj_istri_suami`, `tunj_anak`, `tunj_jabatan`, `tunj_beras`, `tukin`, `uang_makan`, `pot_rwp`, `pot_pph`, `biapetarum`, `sewa_rmh_dinas`, `gaji_bersih`, `kode_pegawai`, `kode_tunjangan`, `kode_potongan`) VALUES (:kode_penggajian:, :tunj_istri_suami:, :tunj_anak:, :tunj_jabatan:, :tunj_beras:, :tukin:, :uang_makan:, :pot_rwp:, :pot_pph:, :biapetarum:, :sewa_rmh_dinas:, :gaji_bersih:, :kode_pegawai:, :kode_tunjangan:, :kode_potongan:)', [...], false)
 2 APPPATH\Models\Penggajian_Model.php(23): CodeIgniter\Database\BaseBuilder->insert([...])
 3 APPPATH\Controllers\Penggajian.php(40): App\Models\Penggajian_Model->savePenggajian([...])
 4 SYSTEMPATH\CodeIgniter.php(933): App\Controllers\Penggajian->add()
 5 SYSTEMPATH\CodeIgniter.php(509): CodeIgniter\CodeIgniter->runController(Object(App\Controllers\Penggajian))
 6 SYSTEMPATH\CodeIgniter.php(355): CodeIgniter\CodeIgniter->handleRequest(null, Object(Config\Cache), false)
 7 SYSTEMPATH\Boot.php(312): CodeIgniter\CodeIgniter->run()
 8 SYSTEMPATH\Boot.php(67): CodeIgniter\Boot::runCodeIgniter(Object(CodeIgniter\CodeIgniter))
 9 FCPATH\index.php(56): CodeIgniter\Boot::bootWeb(Object(Config\Paths))
10 SYSTEMPATH\Commands\Server\rewrite.php(49): require_once('C:\\xampp\\htdocs\\ci4\\public\\index.php')
CRITICAL - 2024-05-15 04:31:53 --> [Caused by] CodeIgniter\Database\Exceptions\DatabaseException: Column 'tunj_istri_suami' cannot be null
in SYSTEMPATH\Database\MySQLi\Connection.php on line 313.
 1 SYSTEMPATH\Database\BaseConnection.php(722): CodeIgniter\Database\MySQLi\Connection->execute('INSERT INTO `penggajian` (`kode_penggajian`, `tunj_istri_suami`, `tunj_anak`, `tunj_jabatan`, `tunj_beras`, `tukin`, `uang_makan`, `pot_rwp`, `pot_pph`, `biapetarum`, `sewa_rmh_dinas`, `gaji_bersih`, `kode_pegawai`, `kode_tunjangan`, `kode_potongan`) VALUES (\'2\', NULL, \'100\', \'100\', \'100\', \'100\', \'100\', \'100\', \'00\', \'0\', \'0\', \'0\', \'0\', \'0\', \'0\')')
 2 SYSTEMPATH\Database\BaseConnection.php(636): CodeIgniter\Database\BaseConnection->simpleQuery('INSERT INTO `penggajian` (`kode_penggajian`, `tunj_istri_suami`, `tunj_anak`, `tunj_jabatan`, `tunj_beras`, `tukin`, `uang_makan`, `pot_rwp`, `pot_pph`, `biapetarum`, `sewa_rmh_dinas`, `gaji_bersih`, `kode_pegawai`, `kode_tunjangan`, `kode_potongan`) VALUES (\'2\', NULL, \'100\', \'100\', \'100\', \'100\', \'100\', \'100\', \'00\', \'0\', \'0\', \'0\', \'0\', \'0\', \'0\')')
 3 SYSTEMPATH\Database\BaseBuilder.php(2325): CodeIgniter\Database\BaseConnection->query('INSERT INTO `penggajian` (`kode_penggajian`, `tunj_istri_suami`, `tunj_anak`, `tunj_jabatan`, `tunj_beras`, `tukin`, `uang_makan`, `pot_rwp`, `pot_pph`, `biapetarum`, `sewa_rmh_dinas`, `gaji_bersih`, `kode_pegawai`, `kode_tunjangan`, `kode_potongan`) VALUES (:kode_penggajian:, :tunj_istri_suami:, :tunj_anak:, :tunj_jabatan:, :tunj_beras:, :tukin:, :uang_makan:, :pot_rwp:, :pot_pph:, :biapetarum:, :sewa_rmh_dinas:, :gaji_bersih:, :kode_pegawai:, :kode_tunjangan:, :kode_potongan:)', [...], false)
 4 APPPATH\Models\Penggajian_Model.php(23): CodeIgniter\Database\BaseBuilder->insert([...])
 5 APPPATH\Controllers\Penggajian.php(40): App\Models\Penggajian_Model->savePenggajian([...])
 6 SYSTEMPATH\CodeIgniter.php(933): App\Controllers\Penggajian->add()
 7 SYSTEMPATH\CodeIgniter.php(509): CodeIgniter\CodeIgniter->runController(Object(App\Controllers\Penggajian))
 8 SYSTEMPATH\CodeIgniter.php(355): CodeIgniter\CodeIgniter->handleRequest(null, Object(Config\Cache), false)
 9 SYSTEMPATH\Boot.php(312): CodeIgniter\CodeIgniter->run()
10 SYSTEMPATH\Boot.php(67): CodeIgniter\Boot::runCodeIgniter(Object(CodeIgniter\CodeIgniter))
11 FCPATH\index.php(56): CodeIgniter\Boot::bootWeb(Object(Config\Paths))
12 SYSTEMPATH\Commands\Server\rewrite.php(49): require_once('C:\\xampp\\htdocs\\ci4\\public\\index.php')
CRITICAL - 2024-05-15 04:31:53 --> [Caused by] mysqli_sql_exception: Column 'tunj_istri_suami' cannot be null
in SYSTEMPATH\Database\MySQLi\Connection.php on line 308.
 1 SYSTEMPATH\Database\MySQLi\Connection.php(308): mysqli->query('INSERT INTO `penggajian` (`kode_penggajian`, `tunj_istri_suami`, `tunj_anak`, `tunj_jabatan`, `tunj_beras`, `tukin`, `uang_makan`, `pot_rwp`, `pot_pph`, `biapetarum`, `sewa_rmh_dinas`, `gaji_bersih`, `kode_pegawai`, `kode_tunjangan`, `kode_potongan`) VALUES (\'2\', NULL, \'100\', \'100\', \'100\', \'100\', \'100\', \'100\', \'00\', \'0\', \'0\', \'0\', \'0\', \'0\', \'0\')', 0)
 2 SYSTEMPATH\Database\BaseConnection.php(722): CodeIgniter\Database\MySQLi\Connection->execute('INSERT INTO `penggajian` (`kode_penggajian`, `tunj_istri_suami`, `tunj_anak`, `tunj_jabatan`, `tunj_beras`, `tukin`, `uang_makan`, `pot_rwp`, `pot_pph`, `biapetarum`, `sewa_rmh_dinas`, `gaji_bersih`, `kode_pegawai`, `kode_tunjangan`, `kode_potongan`) VALUES (\'2\', NULL, \'100\', \'100\', \'100\', \'100\', \'100\', \'100\', \'00\', \'0\', \'0\', \'0\', \'0\', \'0\', \'0\')')
 3 SYSTEMPATH\Database\BaseConnection.php(636): CodeIgniter\Database\BaseConnection->simpleQuery('INSERT INTO `penggajian` (`kode_penggajian`, `tunj_istri_suami`, `tunj_anak`, `tunj_jabatan`, `tunj_beras`, `tukin`, `uang_makan`, `pot_rwp`, `pot_pph`, `biapetarum`, `sewa_rmh_dinas`, `gaji_bersih`, `kode_pegawai`, `kode_tunjangan`, `kode_potongan`) VALUES (\'2\', NULL, \'100\', \'100\', \'100\', \'100\', \'100\', \'100\', \'00\', \'0\', \'0\', \'0\', \'0\', \'0\', \'0\')')
 4 SYSTEMPATH\Database\BaseBuilder.php(2325): CodeIgniter\Database\BaseConnection->query('INSERT INTO `penggajian` (`kode_penggajian`, `tunj_istri_suami`, `tunj_anak`, `tunj_jabatan`, `tunj_beras`, `tukin`, `uang_makan`, `pot_rwp`, `pot_pph`, `biapetarum`, `sewa_rmh_dinas`, `gaji_bersih`, `kode_pegawai`, `kode_tunjangan`, `kode_potongan`) VALUES (:kode_penggajian:, :tunj_istri_suami:, :tunj_anak:, :tunj_jabatan:, :tunj_beras:, :tukin:, :uang_makan:, :pot_rwp:, :pot_pph:, :biapetarum:, :sewa_rmh_dinas:, :gaji_bersih:, :kode_pegawai:, :kode_tunjangan:, :kode_potongan:)', [...], false)
 5 APPPATH\Models\Penggajian_Model.php(23): CodeIgniter\Database\BaseBuilder->insert([...])
 6 APPPATH\Controllers\Penggajian.php(40): App\Models\Penggajian_Model->savePenggajian([...])
 7 SYSTEMPATH\CodeIgniter.php(933): App\Controllers\Penggajian->add()
 8 SYSTEMPATH\CodeIgniter.php(509): CodeIgniter\CodeIgniter->runController(Object(App\Controllers\Penggajian))
 9 SYSTEMPATH\CodeIgniter.php(355): CodeIgniter\CodeIgniter->handleRequest(null, Object(Config\Cache), false)
10 SYSTEMPATH\Boot.php(312): CodeIgniter\CodeIgniter->run()
11 SYSTEMPATH\Boot.php(67): CodeIgniter\Boot::runCodeIgniter(Object(CodeIgniter\CodeIgniter))
12 FCPATH\index.php(56): CodeIgniter\Boot::bootWeb(Object(Config\Paths))
13 SYSTEMPATH\Commands\Server\rewrite.php(49): require_once('C:\\xampp\\htdocs\\ci4\\public\\index.php')
ERROR - 2024-05-15 04:35:20 --> mysqli_sql_exception: Column 'tunj_istri_suami' cannot be null in C:\xampp\htdocs\ci4\system\Database\MySQLi\Connection.php:308
Stack trace:
#0 C:\xampp\htdocs\ci4\system\Database\MySQLi\Connection.php(308): mysqli->query('INSERT INTO `pe...', 0)
#1 C:\xampp\htdocs\ci4\system\Database\BaseConnection.php(722): CodeIgniter\Database\MySQLi\Connection->execute('INSERT INTO `pe...')
#2 C:\xampp\htdocs\ci4\system\Database\BaseConnection.php(636): CodeIgniter\Database\BaseConnection->simpleQuery('INSERT INTO `pe...')
#3 C:\xampp\htdocs\ci4\system\Database\BaseBuilder.php(2325): CodeIgniter\Database\BaseConnection->query('INSERT INTO `pe...', Array, false)
#4 C:\xampp\htdocs\ci4\app\Models\Penggajian_Model.php(23): CodeIgniter\Database\BaseBuilder->insert(Array)
#5 C:\xampp\htdocs\ci4\app\Controllers\Penggajian.php(40): App\Models\Penggajian_Model->savePenggajian(Array)
#6 C:\xampp\htdocs\ci4\system\CodeIgniter.php(933): App\Controllers\Penggajian->add()
#7 C:\xampp\htdocs\ci4\system\CodeIgniter.php(509): CodeIgniter\CodeIgniter->runController(Object(App\Controllers\Penggajian))
#8 C:\xampp\htdocs\ci4\system\CodeIgniter.php(355): CodeIgniter\CodeIgniter->handleRequest(NULL, Object(Config\Cache), false)
#9 C:\xampp\htdocs\ci4\system\Boot.php(312): CodeIgniter\CodeIgniter->run()
#10 C:\xampp\htdocs\ci4\system\Boot.php(67): CodeIgniter\Boot::runCodeIgniter(Object(CodeIgniter\CodeIgniter))
#11 C:\xampp\htdocs\ci4\public\index.php(56): CodeIgniter\Boot::bootWeb(Object(Config\Paths))
#12 C:\xampp\htdocs\ci4\system\Commands\Server\rewrite.php(49): require_once('C:\\xampp\\htdocs...')
#13 {main}
CRITICAL - 2024-05-15 04:35:20 --> CodeIgniter\Database\Exceptions\DatabaseException: Column 'tunj_istri_suami' cannot be null
[Method: POST, Route: penggajian/add]
in SYSTEMPATH\Database\BaseConnection.php on line 676.
 1 SYSTEMPATH\Database\BaseBuilder.php(2325): CodeIgniter\Database\BaseConnection->query('INSERT INTO `penggajian` (`kode_penggajian`, `tunj_istri_suami`, `tunj_anak`, `tunj_jabatan`, `tunj_beras`, `tukin`, `uang_makan`, `pot_rwp`, `pot_pph`, `biapetarum`, `sewa_rmh_dinas`, `gaji_bersih`, `kode_pegawai`, `kode_tunjangan`, `kode_potongan`) VALUES (:kode_penggajian:, :tunj_istri_suami:, :tunj_anak:, :tunj_jabatan:, :tunj_beras:, :tukin:, :uang_makan:, :pot_rwp:, :pot_pph:, :biapetarum:, :sewa_rmh_dinas:, :gaji_bersih:, :kode_pegawai:, :kode_tunjangan:, :kode_potongan:)', [...], false)
 2 APPPATH\Models\Penggajian_Model.php(23): CodeIgniter\Database\BaseBuilder->insert([...])
 3 APPPATH\Controllers\Penggajian.php(40): App\Models\Penggajian_Model->savePenggajian([...])
 4 SYSTEMPATH\CodeIgniter.php(933): App\Controllers\Penggajian->add()
 5 SYSTEMPATH\CodeIgniter.php(509): CodeIgniter\CodeIgniter->runController(Object(App\Controllers\Penggajian))
 6 SYSTEMPATH\CodeIgniter.php(355): CodeIgniter\CodeIgniter->handleRequest(null, Object(Config\Cache), false)
 7 SYSTEMPATH\Boot.php(312): CodeIgniter\CodeIgniter->run()
 8 SYSTEMPATH\Boot.php(67): CodeIgniter\Boot::runCodeIgniter(Object(CodeIgniter\CodeIgniter))
 9 FCPATH\index.php(56): CodeIgniter\Boot::bootWeb(Object(Config\Paths))
10 SYSTEMPATH\Commands\Server\rewrite.php(49): require_once('C:\\xampp\\htdocs\\ci4\\public\\index.php')
CRITICAL - 2024-05-15 04:35:20 --> [Caused by] CodeIgniter\Database\Exceptions\DatabaseException: Column 'tunj_istri_suami' cannot be null
in SYSTEMPATH\Database\MySQLi\Connection.php on line 313.
 1 SYSTEMPATH\Database\BaseConnection.php(722): CodeIgniter\Database\MySQLi\Connection->execute('INSERT INTO `penggajian` (`kode_penggajian`, `tunj_istri_suami`, `tunj_anak`, `tunj_jabatan`, `tunj_beras`, `tukin`, `uang_makan`, `pot_rwp`, `pot_pph`, `biapetarum`, `sewa_rmh_dinas`, `gaji_bersih`, `kode_pegawai`, `kode_tunjangan`, `kode_potongan`) VALUES (\'1\', NULL, \'1\', \'1\', \'1\', \'1\', \'1\', \'1\', \'1\', \'1\', \'1\', \'1\', \'1\', \'1\', \'1\')')
 2 SYSTEMPATH\Database\BaseConnection.php(636): CodeIgniter\Database\BaseConnection->simpleQuery('INSERT INTO `penggajian` (`kode_penggajian`, `tunj_istri_suami`, `tunj_anak`, `tunj_jabatan`, `tunj_beras`, `tukin`, `uang_makan`, `pot_rwp`, `pot_pph`, `biapetarum`, `sewa_rmh_dinas`, `gaji_bersih`, `kode_pegawai`, `kode_tunjangan`, `kode_potongan`) VALUES (\'1\', NULL, \'1\', \'1\', \'1\', \'1\', \'1\', \'1\', \'1\', \'1\', \'1\', \'1\', \'1\', \'1\', \'1\')')
 3 SYSTEMPATH\Database\BaseBuilder.php(2325): CodeIgniter\Database\BaseConnection->query('INSERT INTO `penggajian` (`kode_penggajian`, `tunj_istri_suami`, `tunj_anak`, `tunj_jabatan`, `tunj_beras`, `tukin`, `uang_makan`, `pot_rwp`, `pot_pph`, `biapetarum`, `sewa_rmh_dinas`, `gaji_bersih`, `kode_pegawai`, `kode_tunjangan`, `kode_potongan`) VALUES (:kode_penggajian:, :tunj_istri_suami:, :tunj_anak:, :tunj_jabatan:, :tunj_beras:, :tukin:, :uang_makan:, :pot_rwp:, :pot_pph:, :biapetarum:, :sewa_rmh_dinas:, :gaji_bersih:, :kode_pegawai:, :kode_tunjangan:, :kode_potongan:)', [...], false)
 4 APPPATH\Models\Penggajian_Model.php(23): CodeIgniter\Database\BaseBuilder->insert([...])
 5 APPPATH\Controllers\Penggajian.php(40): App\Models\Penggajian_Model->savePenggajian([...])
 6 SYSTEMPATH\CodeIgniter.php(933): App\Controllers\Penggajian->add()
 7 SYSTEMPATH\CodeIgniter.php(509): CodeIgniter\CodeIgniter->runController(Object(App\Controllers\Penggajian))
 8 SYSTEMPATH\CodeIgniter.php(355): CodeIgniter\CodeIgniter->handleRequest(null, Object(Config\Cache), false)
 9 SYSTEMPATH\Boot.php(312): CodeIgniter\CodeIgniter->run()
10 SYSTEMPATH\Boot.php(67): CodeIgniter\Boot::runCodeIgniter(Object(CodeIgniter\CodeIgniter))
11 FCPATH\index.php(56): CodeIgniter\Boot::bootWeb(Object(Config\Paths))
12 SYSTEMPATH\Commands\Server\rewrite.php(49): require_once('C:\\xampp\\htdocs\\ci4\\public\\index.php')
CRITICAL - 2024-05-15 04:35:20 --> [Caused by] mysqli_sql_exception: Column 'tunj_istri_suami' cannot be null
in SYSTEMPATH\Database\MySQLi\Connection.php on line 308.
 1 SYSTEMPATH\Database\MySQLi\Connection.php(308): mysqli->query('INSERT INTO `penggajian` (`kode_penggajian`, `tunj_istri_suami`, `tunj_anak`, `tunj_jabatan`, `tunj_beras`, `tukin`, `uang_makan`, `pot_rwp`, `pot_pph`, `biapetarum`, `sewa_rmh_dinas`, `gaji_bersih`, `kode_pegawai`, `kode_tunjangan`, `kode_potongan`) VALUES (\'1\', NULL, \'1\', \'1\', \'1\', \'1\', \'1\', \'1\', \'1\', \'1\', \'1\', \'1\', \'1\', \'1\', \'1\')', 0)
 2 SYSTEMPATH\Database\BaseConnection.php(722): CodeIgniter\Database\MySQLi\Connection->execute('INSERT INTO `penggajian` (`kode_penggajian`, `tunj_istri_suami`, `tunj_anak`, `tunj_jabatan`, `tunj_beras`, `tukin`, `uang_makan`, `pot_rwp`, `pot_pph`, `biapetarum`, `sewa_rmh_dinas`, `gaji_bersih`, `kode_pegawai`, `kode_tunjangan`, `kode_potongan`) VALUES (\'1\', NULL, \'1\', \'1\', \'1\', \'1\', \'1\', \'1\', \'1\', \'1\', \'1\', \'1\', \'1\', \'1\', \'1\')')
 3 SYSTEMPATH\Database\BaseConnection.php(636): CodeIgniter\Database\BaseConnection->simpleQuery('INSERT INTO `penggajian` (`kode_penggajian`, `tunj_istri_suami`, `tunj_anak`, `tunj_jabatan`, `tunj_beras`, `tukin`, `uang_makan`, `pot_rwp`, `pot_pph`, `biapetarum`, `sewa_rmh_dinas`, `gaji_bersih`, `kode_pegawai`, `kode_tunjangan`, `kode_potongan`) VALUES (\'1\', NULL, \'1\', \'1\', \'1\', \'1\', \'1\', \'1\', \'1\', \'1\', \'1\', \'1\', \'1\', \'1\', \'1\')')
 4 SYSTEMPATH\Database\BaseBuilder.php(2325): CodeIgniter\Database\BaseConnection->query('INSERT INTO `penggajian` (`kode_penggajian`, `tunj_istri_suami`, `tunj_anak`, `tunj_jabatan`, `tunj_beras`, `tukin`, `uang_makan`, `pot_rwp`, `pot_pph`, `biapetarum`, `sewa_rmh_dinas`, `gaji_bersih`, `kode_pegawai`, `kode_tunjangan`, `kode_potongan`) VALUES (:kode_penggajian:, :tunj_istri_suami:, :tunj_anak:, :tunj_jabatan:, :tunj_beras:, :tukin:, :uang_makan:, :pot_rwp:, :pot_pph:, :biapetarum:, :sewa_rmh_dinas:, :gaji_bersih:, :kode_pegawai:, :kode_tunjangan:, :kode_potongan:)', [...], false)
 5 APPPATH\Models\Penggajian_Model.php(23): CodeIgniter\Database\BaseBuilder->insert([...])
 6 APPPATH\Controllers\Penggajian.php(40): App\Models\Penggajian_Model->savePenggajian([...])
 7 SYSTEMPATH\CodeIgniter.php(933): App\Controllers\Penggajian->add()
 8 SYSTEMPATH\CodeIgniter.php(509): CodeIgniter\CodeIgniter->runController(Object(App\Controllers\Penggajian))
 9 SYSTEMPATH\CodeIgniter.php(355): CodeIgniter\CodeIgniter->handleRequest(null, Object(Config\Cache), false)
10 SYSTEMPATH\Boot.php(312): CodeIgniter\CodeIgniter->run()
11 SYSTEMPATH\Boot.php(67): CodeIgniter\Boot::runCodeIgniter(Object(CodeIgniter\CodeIgniter))
12 FCPATH\index.php(56): CodeIgniter\Boot::bootWeb(Object(Config\Paths))
13 SYSTEMPATH\Commands\Server\rewrite.php(49): require_once('C:\\xampp\\htdocs\\ci4\\public\\index.php')
ERROR - 2024-05-15 04:36:05 --> mysqli_sql_exception: Column 'tunj_istri_suami' cannot be null in C:\xampp\htdocs\ci4\system\Database\MySQLi\Connection.php:308
Stack trace:
#0 C:\xampp\htdocs\ci4\system\Database\MySQLi\Connection.php(308): mysqli->query('INSERT INTO `pe...', 0)
#1 C:\xampp\htdocs\ci4\system\Database\BaseConnection.php(722): CodeIgniter\Database\MySQLi\Connection->execute('INSERT INTO `pe...')
#2 C:\xampp\htdocs\ci4\system\Database\BaseConnection.php(636): CodeIgniter\Database\BaseConnection->simpleQuery('INSERT INTO `pe...')
#3 C:\xampp\htdocs\ci4\system\Database\BaseBuilder.php(2325): CodeIgniter\Database\BaseConnection->query('INSERT INTO `pe...', Array, false)
#4 C:\xampp\htdocs\ci4\app\Models\Penggajian_Model.php(23): CodeIgniter\Database\BaseBuilder->insert(Array)
#5 C:\xampp\htdocs\ci4\app\Controllers\Penggajian.php(40): App\Models\Penggajian_Model->savePenggajian(Array)
#6 C:\xampp\htdocs\ci4\system\CodeIgniter.php(933): App\Controllers\Penggajian->add()
#7 C:\xampp\htdocs\ci4\system\CodeIgniter.php(509): CodeIgniter\CodeIgniter->runController(Object(App\Controllers\Penggajian))
#8 C:\xampp\htdocs\ci4\system\CodeIgniter.php(355): CodeIgniter\CodeIgniter->handleRequest(NULL, Object(Config\Cache), false)
#9 C:\xampp\htdocs\ci4\system\Boot.php(312): CodeIgniter\CodeIgniter->run()
#10 C:\xampp\htdocs\ci4\system\Boot.php(67): CodeIgniter\Boot::runCodeIgniter(Object(CodeIgniter\CodeIgniter))
#11 C:\xampp\htdocs\ci4\public\index.php(56): CodeIgniter\Boot::bootWeb(Object(Config\Paths))
#12 C:\xampp\htdocs\ci4\system\Commands\Server\rewrite.php(49): require_once('C:\\xampp\\htdocs...')
#13 {main}
CRITICAL - 2024-05-15 04:36:05 --> CodeIgniter\Database\Exceptions\DatabaseException: Column 'tunj_istri_suami' cannot be null
[Method: POST, Route: penggajian/add]
in SYSTEMPATH\Database\BaseConnection.php on line 676.
 1 SYSTEMPATH\Database\BaseBuilder.php(2325): CodeIgniter\Database\BaseConnection->query('INSERT INTO `penggajian` (`kode_penggajian`, `tunj_istri_suami`, `tunj_anak`, `tunj_jabatan`, `tunj_beras`, `tukin`, `uang_makan`, `pot_rwp`, `pot_pph`, `biapetarum`, `sewa_rmh_dinas`, `gaji_bersih`, `kode_pegawai`, `kode_tunjangan`, `kode_potongan`) VALUES (:kode_penggajian:, :tunj_istri_suami:, :tunj_anak:, :tunj_jabatan:, :tunj_beras:, :tukin:, :uang_makan:, :pot_rwp:, :pot_pph:, :biapetarum:, :sewa_rmh_dinas:, :gaji_bersih:, :kode_pegawai:, :kode_tunjangan:, :kode_potongan:)', [...], false)
 2 APPPATH\Models\Penggajian_Model.php(23): CodeIgniter\Database\BaseBuilder->insert([...])
 3 APPPATH\Controllers\Penggajian.php(40): App\Models\Penggajian_Model->savePenggajian([...])
 4 SYSTEMPATH\CodeIgniter.php(933): App\Controllers\Penggajian->add()
 5 SYSTEMPATH\CodeIgniter.php(509): CodeIgniter\CodeIgniter->runController(Object(App\Controllers\Penggajian))
 6 SYSTEMPATH\CodeIgniter.php(355): CodeIgniter\CodeIgniter->handleRequest(null, Object(Config\Cache), false)
 7 SYSTEMPATH\Boot.php(312): CodeIgniter\CodeIgniter->run()
 8 SYSTEMPATH\Boot.php(67): CodeIgniter\Boot::runCodeIgniter(Object(CodeIgniter\CodeIgniter))
 9 FCPATH\index.php(56): CodeIgniter\Boot::bootWeb(Object(Config\Paths))
10 SYSTEMPATH\Commands\Server\rewrite.php(49): require_once('C:\\xampp\\htdocs\\ci4\\public\\index.php')
CRITICAL - 2024-05-15 04:36:05 --> [Caused by] CodeIgniter\Database\Exceptions\DatabaseException: Column 'tunj_istri_suami' cannot be null
in SYSTEMPATH\Database\MySQLi\Connection.php on line 313.
 1 SYSTEMPATH\Database\BaseConnection.php(722): CodeIgniter\Database\MySQLi\Connection->execute('INSERT INTO `penggajian` (`kode_penggajian`, `tunj_istri_suami`, `tunj_anak`, `tunj_jabatan`, `tunj_beras`, `tukin`, `uang_makan`, `pot_rwp`, `pot_pph`, `biapetarum`, `sewa_rmh_dinas`, `gaji_bersih`, `kode_pegawai`, `kode_tunjangan`, `kode_potongan`) VALUES (\'1\', NULL, \'1\', \'1\', \'1\', \'1\', \'1\', \'1\', \'1\', \'1\', \'1\', \'1\', \'1\', \'1\', \'1\')')
 2 SYSTEMPATH\Database\BaseConnection.php(636): CodeIgniter\Database\BaseConnection->simpleQuery('INSERT INTO `penggajian` (`kode_penggajian`, `tunj_istri_suami`, `tunj_anak`, `tunj_jabatan`, `tunj_beras`, `tukin`, `uang_makan`, `pot_rwp`, `pot_pph`, `biapetarum`, `sewa_rmh_dinas`, `gaji_bersih`, `kode_pegawai`, `kode_tunjangan`, `kode_potongan`) VALUES (\'1\', NULL, \'1\', \'1\', \'1\', \'1\', \'1\', \'1\', \'1\', \'1\', \'1\', \'1\', \'1\', \'1\', \'1\')')
 3 SYSTEMPATH\Database\BaseBuilder.php(2325): CodeIgniter\Database\BaseConnection->query('INSERT INTO `penggajian` (`kode_penggajian`, `tunj_istri_suami`, `tunj_anak`, `tunj_jabatan`, `tunj_beras`, `tukin`, `uang_makan`, `pot_rwp`, `pot_pph`, `biapetarum`, `sewa_rmh_dinas`, `gaji_bersih`, `kode_pegawai`, `kode_tunjangan`, `kode_potongan`) VALUES (:kode_penggajian:, :tunj_istri_suami:, :tunj_anak:, :tunj_jabatan:, :tunj_beras:, :tukin:, :uang_makan:, :pot_rwp:, :pot_pph:, :biapetarum:, :sewa_rmh_dinas:, :gaji_bersih:, :kode_pegawai:, :kode_tunjangan:, :kode_potongan:)', [...], false)
 4 APPPATH\Models\Penggajian_Model.php(23): CodeIgniter\Database\BaseBuilder->insert([...])
 5 APPPATH\Controllers\Penggajian.php(40): App\Models\Penggajian_Model->savePenggajian([...])
 6 SYSTEMPATH\CodeIgniter.php(933): App\Controllers\Penggajian->add()
 7 SYSTEMPATH\CodeIgniter.php(509): CodeIgniter\CodeIgniter->runController(Object(App\Controllers\Penggajian))
 8 SYSTEMPATH\CodeIgniter.php(355): CodeIgniter\CodeIgniter->handleRequest(null, Object(Config\Cache), false)
 9 SYSTEMPATH\Boot.php(312): CodeIgniter\CodeIgniter->run()
10 SYSTEMPATH\Boot.php(67): CodeIgniter\Boot::runCodeIgniter(Object(CodeIgniter\CodeIgniter))
11 FCPATH\index.php(56): CodeIgniter\Boot::bootWeb(Object(Config\Paths))
12 SYSTEMPATH\Commands\Server\rewrite.php(49): require_once('C:\\xampp\\htdocs\\ci4\\public\\index.php')
CRITICAL - 2024-05-15 04:36:05 --> [Caused by] mysqli_sql_exception: Column 'tunj_istri_suami' cannot be null
in SYSTEMPATH\Database\MySQLi\Connection.php on line 308.
 1 SYSTEMPATH\Database\MySQLi\Connection.php(308): mysqli->query('INSERT INTO `penggajian` (`kode_penggajian`, `tunj_istri_suami`, `tunj_anak`, `tunj_jabatan`, `tunj_beras`, `tukin`, `uang_makan`, `pot_rwp`, `pot_pph`, `biapetarum`, `sewa_rmh_dinas`, `gaji_bersih`, `kode_pegawai`, `kode_tunjangan`, `kode_potongan`) VALUES (\'1\', NULL, \'1\', \'1\', \'1\', \'1\', \'1\', \'1\', \'1\', \'1\', \'1\', \'1\', \'1\', \'1\', \'1\')', 0)
 2 SYSTEMPATH\Database\BaseConnection.php(722): CodeIgniter\Database\MySQLi\Connection->execute('INSERT INTO `penggajian` (`kode_penggajian`, `tunj_istri_suami`, `tunj_anak`, `tunj_jabatan`, `tunj_beras`, `tukin`, `uang_makan`, `pot_rwp`, `pot_pph`, `biapetarum`, `sewa_rmh_dinas`, `gaji_bersih`, `kode_pegawai`, `kode_tunjangan`, `kode_potongan`) VALUES (\'1\', NULL, \'1\', \'1\', \'1\', \'1\', \'1\', \'1\', \'1\', \'1\', \'1\', \'1\', \'1\', \'1\', \'1\')')
 3 SYSTEMPATH\Database\BaseConnection.php(636): CodeIgniter\Database\BaseConnection->simpleQuery('INSERT INTO `penggajian` (`kode_penggajian`, `tunj_istri_suami`, `tunj_anak`, `tunj_jabatan`, `tunj_beras`, `tukin`, `uang_makan`, `pot_rwp`, `pot_pph`, `biapetarum`, `sewa_rmh_dinas`, `gaji_bersih`, `kode_pegawai`, `kode_tunjangan`, `kode_potongan`) VALUES (\'1\', NULL, \'1\', \'1\', \'1\', \'1\', \'1\', \'1\', \'1\', \'1\', \'1\', \'1\', \'1\', \'1\', \'1\')')
 4 SYSTEMPATH\Database\BaseBuilder.php(2325): CodeIgniter\Database\BaseConnection->query('INSERT INTO `penggajian` (`kode_penggajian`, `tunj_istri_suami`, `tunj_anak`, `tunj_jabatan`, `tunj_beras`, `tukin`, `uang_makan`, `pot_rwp`, `pot_pph`, `biapetarum`, `sewa_rmh_dinas`, `gaji_bersih`, `kode_pegawai`, `kode_tunjangan`, `kode_potongan`) VALUES (:kode_penggajian:, :tunj_istri_suami:, :tunj_anak:, :tunj_jabatan:, :tunj_beras:, :tukin:, :uang_makan:, :pot_rwp:, :pot_pph:, :biapetarum:, :sewa_rmh_dinas:, :gaji_bersih:, :kode_pegawai:, :kode_tunjangan:, :kode_potongan:)', [...], false)
 5 APPPATH\Models\Penggajian_Model.php(23): CodeIgniter\Database\BaseBuilder->insert([...])
 6 APPPATH\Controllers\Penggajian.php(40): App\Models\Penggajian_Model->savePenggajian([...])
 7 SYSTEMPATH\CodeIgniter.php(933): App\Controllers\Penggajian->add()
 8 SYSTEMPATH\CodeIgniter.php(509): CodeIgniter\CodeIgniter->runController(Object(App\Controllers\Penggajian))
 9 SYSTEMPATH\CodeIgniter.php(355): CodeIgniter\CodeIgniter->handleRequest(null, Object(Config\Cache), false)
10 SYSTEMPATH\Boot.php(312): CodeIgniter\CodeIgniter->run()
11 SYSTEMPATH\Boot.php(67): CodeIgniter\Boot::runCodeIgniter(Object(CodeIgniter\CodeIgniter))
12 FCPATH\index.php(56): CodeIgniter\Boot::bootWeb(Object(Config\Paths))
13 SYSTEMPATH\Commands\Server\rewrite.php(49): require_once('C:\\xampp\\htdocs\\ci4\\public\\index.php')
ERROR - 2024-05-15 04:36:53 --> mysqli_sql_exception: Column 'tunj_istri_suami' cannot be null in C:\xampp\htdocs\ci4\system\Database\MySQLi\Connection.php:308
Stack trace:
#0 C:\xampp\htdocs\ci4\system\Database\MySQLi\Connection.php(308): mysqli->query('INSERT INTO `pe...', 0)
#1 C:\xampp\htdocs\ci4\system\Database\BaseConnection.php(722): CodeIgniter\Database\MySQLi\Connection->execute('INSERT INTO `pe...')
#2 C:\xampp\htdocs\ci4\system\Database\BaseConnection.php(636): CodeIgniter\Database\BaseConnection->simpleQuery('INSERT INTO `pe...')
#3 C:\xampp\htdocs\ci4\system\Database\BaseBuilder.php(2325): CodeIgniter\Database\BaseConnection->query('INSERT INTO `pe...', Array, false)
#4 C:\xampp\htdocs\ci4\app\Models\Penggajian_Model.php(23): CodeIgniter\Database\BaseBuilder->insert(Array)
#5 C:\xampp\htdocs\ci4\app\Controllers\Penggajian.php(40): App\Models\Penggajian_Model->savePenggajian(Array)
#6 C:\xampp\htdocs\ci4\system\CodeIgniter.php(933): App\Controllers\Penggajian->add()
#7 C:\xampp\htdocs\ci4\system\CodeIgniter.php(509): CodeIgniter\CodeIgniter->runController(Object(App\Controllers\Penggajian))
#8 C:\xampp\htdocs\ci4\system\CodeIgniter.php(355): CodeIgniter\CodeIgniter->handleRequest(NULL, Object(Config\Cache), false)
#9 C:\xampp\htdocs\ci4\system\Boot.php(312): CodeIgniter\CodeIgniter->run()
#10 C:\xampp\htdocs\ci4\system\Boot.php(67): CodeIgniter\Boot::runCodeIgniter(Object(CodeIgniter\CodeIgniter))
#11 C:\xampp\htdocs\ci4\public\index.php(56): CodeIgniter\Boot::bootWeb(Object(Config\Paths))
#12 C:\xampp\htdocs\ci4\system\Commands\Server\rewrite.php(49): require_once('C:\\xampp\\htdocs...')
#13 {main}
CRITICAL - 2024-05-15 04:36:53 --> CodeIgniter\Database\Exceptions\DatabaseException: Column 'tunj_istri_suami' cannot be null
[Method: POST, Route: penggajian/add]
in SYSTEMPATH\Database\BaseConnection.php on line 676.
 1 SYSTEMPATH\Database\BaseBuilder.php(2325): CodeIgniter\Database\BaseConnection->query('INSERT INTO `penggajian` (`kode_penggajian`, `tunj_istri_suami`, `tunj_anak`, `tunj_jabatan`, `tunj_beras`, `tukin`, `uang_makan`, `pot_rwp`, `pot_pph`, `biapetarum`, `sewa_rmh_dinas`, `gaji_bersih`, `kode_pegawai`, `kode_tunjangan`, `kode_potongan`) VALUES (:kode_penggajian:, :tunj_istri_suami:, :tunj_anak:, :tunj_jabatan:, :tunj_beras:, :tukin:, :uang_makan:, :pot_rwp:, :pot_pph:, :biapetarum:, :sewa_rmh_dinas:, :gaji_bersih:, :kode_pegawai:, :kode_tunjangan:, :kode_potongan:)', [...], false)
 2 APPPATH\Models\Penggajian_Model.php(23): CodeIgniter\Database\BaseBuilder->insert([...])
 3 APPPATH\Controllers\Penggajian.php(40): App\Models\Penggajian_Model->savePenggajian([...])
 4 SYSTEMPATH\CodeIgniter.php(933): App\Controllers\Penggajian->add()
 5 SYSTEMPATH\CodeIgniter.php(509): CodeIgniter\CodeIgniter->runController(Object(App\Controllers\Penggajian))
 6 SYSTEMPATH\CodeIgniter.php(355): CodeIgniter\CodeIgniter->handleRequest(null, Object(Config\Cache), false)
 7 SYSTEMPATH\Boot.php(312): CodeIgniter\CodeIgniter->run()
 8 SYSTEMPATH\Boot.php(67): CodeIgniter\Boot::runCodeIgniter(Object(CodeIgniter\CodeIgniter))
 9 FCPATH\index.php(56): CodeIgniter\Boot::bootWeb(Object(Config\Paths))
10 SYSTEMPATH\Commands\Server\rewrite.php(49): require_once('C:\\xampp\\htdocs\\ci4\\public\\index.php')
CRITICAL - 2024-05-15 04:36:53 --> [Caused by] CodeIgniter\Database\Exceptions\DatabaseException: Column 'tunj_istri_suami' cannot be null
in SYSTEMPATH\Database\MySQLi\Connection.php on line 313.
 1 SYSTEMPATH\Database\BaseConnection.php(722): CodeIgniter\Database\MySQLi\Connection->execute('INSERT INTO `penggajian` (`kode_penggajian`, `tunj_istri_suami`, `tunj_anak`, `tunj_jabatan`, `tunj_beras`, `tukin`, `uang_makan`, `pot_rwp`, `pot_pph`, `biapetarum`, `sewa_rmh_dinas`, `gaji_bersih`, `kode_pegawai`, `kode_tunjangan`, `kode_potongan`) VALUES (\'1\', NULL, \'1\', \'1\', \'1\', \'1\', \'1\', \'1\', \'1\', \'1\', \'1\', \'1\', \'1\', \'1\', \'1\')')
 2 SYSTEMPATH\Database\BaseConnection.php(636): CodeIgniter\Database\BaseConnection->simpleQuery('INSERT INTO `penggajian` (`kode_penggajian`, `tunj_istri_suami`, `tunj_anak`, `tunj_jabatan`, `tunj_beras`, `tukin`, `uang_makan`, `pot_rwp`, `pot_pph`, `biapetarum`, `sewa_rmh_dinas`, `gaji_bersih`, `kode_pegawai`, `kode_tunjangan`, `kode_potongan`) VALUES (\'1\', NULL, \'1\', \'1\', \'1\', \'1\', \'1\', \'1\', \'1\', \'1\', \'1\', \'1\', \'1\', \'1\', \'1\')')
 3 SYSTEMPATH\Database\BaseBuilder.php(2325): CodeIgniter\Database\BaseConnection->query('INSERT INTO `penggajian` (`kode_penggajian`, `tunj_istri_suami`, `tunj_anak`, `tunj_jabatan`, `tunj_beras`, `tukin`, `uang_makan`, `pot_rwp`, `pot_pph`, `biapetarum`, `sewa_rmh_dinas`, `gaji_bersih`, `kode_pegawai`, `kode_tunjangan`, `kode_potongan`) VALUES (:kode_penggajian:, :tunj_istri_suami:, :tunj_anak:, :tunj_jabatan:, :tunj_beras:, :tukin:, :uang_makan:, :pot_rwp:, :pot_pph:, :biapetarum:, :sewa_rmh_dinas:, :gaji_bersih:, :kode_pegawai:, :kode_tunjangan:, :kode_potongan:)', [...], false)
 4 APPPATH\Models\Penggajian_Model.php(23): CodeIgniter\Database\BaseBuilder->insert([...])
 5 APPPATH\Controllers\Penggajian.php(40): App\Models\Penggajian_Model->savePenggajian([...])
 6 SYSTEMPATH\CodeIgniter.php(933): App\Controllers\Penggajian->add()
 7 SYSTEMPATH\CodeIgniter.php(509): CodeIgniter\CodeIgniter->runController(Object(App\Controllers\Penggajian))
 8 SYSTEMPATH\CodeIgniter.php(355): CodeIgniter\CodeIgniter->handleRequest(null, Object(Config\Cache), false)
 9 SYSTEMPATH\Boot.php(312): CodeIgniter\CodeIgniter->run()
10 SYSTEMPATH\Boot.php(67): CodeIgniter\Boot::runCodeIgniter(Object(CodeIgniter\CodeIgniter))
11 FCPATH\index.php(56): CodeIgniter\Boot::bootWeb(Object(Config\Paths))
12 SYSTEMPATH\Commands\Server\rewrite.php(49): require_once('C:\\xampp\\htdocs\\ci4\\public\\index.php')
CRITICAL - 2024-05-15 04:36:53 --> [Caused by] mysqli_sql_exception: Column 'tunj_istri_suami' cannot be null
in SYSTEMPATH\Database\MySQLi\Connection.php on line 308.
 1 SYSTEMPATH\Database\MySQLi\Connection.php(308): mysqli->query('INSERT INTO `penggajian` (`kode_penggajian`, `tunj_istri_suami`, `tunj_anak`, `tunj_jabatan`, `tunj_beras`, `tukin`, `uang_makan`, `pot_rwp`, `pot_pph`, `biapetarum`, `sewa_rmh_dinas`, `gaji_bersih`, `kode_pegawai`, `kode_tunjangan`, `kode_potongan`) VALUES (\'1\', NULL, \'1\', \'1\', \'1\', \'1\', \'1\', \'1\', \'1\', \'1\', \'1\', \'1\', \'1\', \'1\', \'1\')', 0)
 2 SYSTEMPATH\Database\BaseConnection.php(722): CodeIgniter\Database\MySQLi\Connection->execute('INSERT INTO `penggajian` (`kode_penggajian`, `tunj_istri_suami`, `tunj_anak`, `tunj_jabatan`, `tunj_beras`, `tukin`, `uang_makan`, `pot_rwp`, `pot_pph`, `biapetarum`, `sewa_rmh_dinas`, `gaji_bersih`, `kode_pegawai`, `kode_tunjangan`, `kode_potongan`) VALUES (\'1\', NULL, \'1\', \'1\', \'1\', \'1\', \'1\', \'1\', \'1\', \'1\', \'1\', \'1\', \'1\', \'1\', \'1\')')
 3 SYSTEMPATH\Database\BaseConnection.php(636): CodeIgniter\Database\BaseConnection->simpleQuery('INSERT INTO `penggajian` (`kode_penggajian`, `tunj_istri_suami`, `tunj_anak`, `tunj_jabatan`, `tunj_beras`, `tukin`, `uang_makan`, `pot_rwp`, `pot_pph`, `biapetarum`, `sewa_rmh_dinas`, `gaji_bersih`, `kode_pegawai`, `kode_tunjangan`, `kode_potongan`) VALUES (\'1\', NULL, \'1\', \'1\', \'1\', \'1\', \'1\', \'1\', \'1\', \'1\', \'1\', \'1\', \'1\', \'1\', \'1\')')
 4 SYSTEMPATH\Database\BaseBuilder.php(2325): CodeIgniter\Database\BaseConnection->query('INSERT INTO `penggajian` (`kode_penggajian`, `tunj_istri_suami`, `tunj_anak`, `tunj_jabatan`, `tunj_beras`, `tukin`, `uang_makan`, `pot_rwp`, `pot_pph`, `biapetarum`, `sewa_rmh_dinas`, `gaji_bersih`, `kode_pegawai`, `kode_tunjangan`, `kode_potongan`) VALUES (:kode_penggajian:, :tunj_istri_suami:, :tunj_anak:, :tunj_jabatan:, :tunj_beras:, :tukin:, :uang_makan:, :pot_rwp:, :pot_pph:, :biapetarum:, :sewa_rmh_dinas:, :gaji_bersih:, :kode_pegawai:, :kode_tunjangan:, :kode_potongan:)', [...], false)
 5 APPPATH\Models\Penggajian_Model.php(23): CodeIgniter\Database\BaseBuilder->insert([...])
 6 APPPATH\Controllers\Penggajian.php(40): App\Models\Penggajian_Model->savePenggajian([...])
 7 SYSTEMPATH\CodeIgniter.php(933): App\Controllers\Penggajian->add()
 8 SYSTEMPATH\CodeIgniter.php(509): CodeIgniter\CodeIgniter->runController(Object(App\Controllers\Penggajian))
 9 SYSTEMPATH\CodeIgniter.php(355): CodeIgniter\CodeIgniter->handleRequest(null, Object(Config\Cache), false)
10 SYSTEMPATH\Boot.php(312): CodeIgniter\CodeIgniter->run()
11 SYSTEMPATH\Boot.php(67): CodeIgniter\Boot::runCodeIgniter(Object(CodeIgniter\CodeIgniter))
12 FCPATH\index.php(56): CodeIgniter\Boot::bootWeb(Object(Config\Paths))
13 SYSTEMPATH\Commands\Server\rewrite.php(49): require_once('C:\\xampp\\htdocs\\ci4\\public\\index.php')
ERROR - 2024-05-15 05:34:10 --> mysqli_sql_exception: Duplicate entry '0-0-0' for key 'kode_pegawai' in C:\xampp\htdocs\ci4\system\Database\MySQLi\Connection.php:308
Stack trace:
#0 C:\xampp\htdocs\ci4\system\Database\MySQLi\Connection.php(308): mysqli->query('UPDATE `penggaj...', 0)
#1 C:\xampp\htdocs\ci4\system\Database\BaseConnection.php(722): CodeIgniter\Database\MySQLi\Connection->execute('UPDATE `penggaj...')
#2 C:\xampp\htdocs\ci4\system\Database\BaseConnection.php(636): CodeIgniter\Database\BaseConnection->simpleQuery('UPDATE `penggaj...')
#3 C:\xampp\htdocs\ci4\system\Database\BaseBuilder.php(2497): CodeIgniter\Database\BaseConnection->query('UPDATE `penggaj...', Array, false)
#4 C:\xampp\htdocs\ci4\app\Models\Penggajian_Model.php(28): CodeIgniter\Database\BaseBuilder->update(Array)
#5 C:\xampp\htdocs\ci4\app\Controllers\Penggajian.php(88): App\Models\Penggajian_Model->editPenggajian(Array, '2')
#6 C:\xampp\htdocs\ci4\system\CodeIgniter.php(933): App\Controllers\Penggajian->update('$1')
#7 C:\xampp\htdocs\ci4\system\CodeIgniter.php(509): CodeIgniter\CodeIgniter->runController(Object(App\Controllers\Penggajian))
#8 C:\xampp\htdocs\ci4\system\CodeIgniter.php(355): CodeIgniter\CodeIgniter->handleRequest(NULL, Object(Config\Cache), false)
#9 C:\xampp\htdocs\ci4\system\Boot.php(312): CodeIgniter\CodeIgniter->run()
#10 C:\xampp\htdocs\ci4\system\Boot.php(67): CodeIgniter\Boot::runCodeIgniter(Object(CodeIgniter\CodeIgniter))
#11 C:\xampp\htdocs\ci4\public\index.php(56): CodeIgniter\Boot::bootWeb(Object(Config\Paths))
#12 C:\xampp\htdocs\ci4\system\Commands\Server\rewrite.php(49): require_once('C:\\xampp\\htdocs...')
#13 {main}
CRITICAL - 2024-05-15 05:34:10 --> CodeIgniter\Database\Exceptions\DatabaseException: Duplicate entry '0-0-0' for key 'kode_pegawai'
[Method: POST, Route: penggajian/update]
in SYSTEMPATH\Database\BaseConnection.php on line 676.
 1 SYSTEMPATH\Database\BaseBuilder.php(2497): CodeIgniter\Database\BaseConnection->query('UPDATE `penggajian` SET `kode_penggajian` = :kode_penggajian.1:, `tunj_istri_suami` = :tunj_istri_suami:, `tunj_anak` = :tunj_anak:, `tunj_jabatan` = :tunj_jabatan:, `tunj_beras` = :tunj_beras:, `tukin` = :tukin:, `uang_makan` = :uang_makan:, `pot_rwp` = :pot_rwp:, `pot_pph` = :pot_pph:, `biapetarum` = :biapetarum:, `sewa_rmh_dinas` = :sewa_rmh_dinas:, `gaji_bersih` = :gaji_bersih:, `kode_pegawai` = :kode_pegawai:, `kode_tunjangan` = :kode_tunjangan:, `kode_potongan` = :kode_potongan:
WHERE `kode_penggajian` = :kode_penggajian:', [...], false)
 2 APPPATH\Models\Penggajian_Model.php(28): CodeIgniter\Database\BaseBuilder->update([...])
 3 APPPATH\Controllers\Penggajian.php(88): App\Models\Penggajian_Model->editPenggajian([...], '2')
 4 SYSTEMPATH\CodeIgniter.php(933): App\Controllers\Penggajian->update('$1')
 5 SYSTEMPATH\CodeIgniter.php(509): CodeIgniter\CodeIgniter->runController(Object(App\Controllers\Penggajian))
 6 SYSTEMPATH\CodeIgniter.php(355): CodeIgniter\CodeIgniter->handleRequest(null, Object(Config\Cache), false)
 7 SYSTEMPATH\Boot.php(312): CodeIgniter\CodeIgniter->run()
 8 SYSTEMPATH\Boot.php(67): CodeIgniter\Boot::runCodeIgniter(Object(CodeIgniter\CodeIgniter))
 9 FCPATH\index.php(56): CodeIgniter\Boot::bootWeb(Object(Config\Paths))
10 SYSTEMPATH\Commands\Server\rewrite.php(49): require_once('C:\\xampp\\htdocs\\ci4\\public\\index.php')
CRITICAL - 2024-05-15 05:34:10 --> [Caused by] CodeIgniter\Database\Exceptions\DatabaseException: Duplicate entry '0-0-0' for key 'kode_pegawai'
in SYSTEMPATH\Database\MySQLi\Connection.php on line 313.
 1 SYSTEMPATH\Database\BaseConnection.php(722): CodeIgniter\Database\MySQLi\Connection->execute('UPDATE `penggajian` SET `kode_penggajian` = \'2\', `tunj_istri_suami` = NULL, `tunj_anak` = \'\', `tunj_jabatan` = \'\', `tunj_beras` = \'\', `tukin` = \'\', `uang_makan` = \'\', `pot_rwp` = \'\', `pot_pph` = \'\', `biapetarum` = \'\', `sewa_rmh_dinas` = \'\', `gaji_bersih` = \'\', `kode_pegawai` = \'\', `kode_tunjangan` = \'\', `kode_potongan` = \'\'
WHERE `kode_penggajian` = \'2\'')
 2 SYSTEMPATH\Database\BaseConnection.php(636): CodeIgniter\Database\BaseConnection->simpleQuery('UPDATE `penggajian` SET `kode_penggajian` = \'2\', `tunj_istri_suami` = NULL, `tunj_anak` = \'\', `tunj_jabatan` = \'\', `tunj_beras` = \'\', `tukin` = \'\', `uang_makan` = \'\', `pot_rwp` = \'\', `pot_pph` = \'\', `biapetarum` = \'\', `sewa_rmh_dinas` = \'\', `gaji_bersih` = \'\', `kode_pegawai` = \'\', `kode_tunjangan` = \'\', `kode_potongan` = \'\'
WHERE `kode_penggajian` = \'2\'')
 3 SYSTEMPATH\Database\BaseBuilder.php(2497): CodeIgniter\Database\BaseConnection->query('UPDATE `penggajian` SET `kode_penggajian` = :kode_penggajian.1:, `tunj_istri_suami` = :tunj_istri_suami:, `tunj_anak` = :tunj_anak:, `tunj_jabatan` = :tunj_jabatan:, `tunj_beras` = :tunj_beras:, `tukin` = :tukin:, `uang_makan` = :uang_makan:, `pot_rwp` = :pot_rwp:, `pot_pph` = :pot_pph:, `biapetarum` = :biapetarum:, `sewa_rmh_dinas` = :sewa_rmh_dinas:, `gaji_bersih` = :gaji_bersih:, `kode_pegawai` = :kode_pegawai:, `kode_tunjangan` = :kode_tunjangan:, `kode_potongan` = :kode_potongan:
WHERE `kode_penggajian` = :kode_penggajian:', [...], false)
 4 APPPATH\Models\Penggajian_Model.php(28): CodeIgniter\Database\BaseBuilder->update([...])
 5 APPPATH\Controllers\Penggajian.php(88): App\Models\Penggajian_Model->editPenggajian([...], '2')
 6 SYSTEMPATH\CodeIgniter.php(933): App\Controllers\Penggajian->update('$1')
 7 SYSTEMPATH\CodeIgniter.php(509): CodeIgniter\CodeIgniter->runController(Object(App\Controllers\Penggajian))
 8 SYSTEMPATH\CodeIgniter.php(355): CodeIgniter\CodeIgniter->handleRequest(null, Object(Config\Cache), false)
 9 SYSTEMPATH\Boot.php(312): CodeIgniter\CodeIgniter->run()
10 SYSTEMPATH\Boot.php(67): CodeIgniter\Boot::runCodeIgniter(Object(CodeIgniter\CodeIgniter))
11 FCPATH\index.php(56): CodeIgniter\Boot::bootWeb(Object(Config\Paths))
12 SYSTEMPATH\Commands\Server\rewrite.php(49): require_once('C:\\xampp\\htdocs\\ci4\\public\\index.php')
CRITICAL - 2024-05-15 05:34:10 --> [Caused by] mysqli_sql_exception: Duplicate entry '0-0-0' for key 'kode_pegawai'
in SYSTEMPATH\Database\MySQLi\Connection.php on line 308.
 1 SYSTEMPATH\Database\MySQLi\Connection.php(308): mysqli->query('UPDATE `penggajian` SET `kode_penggajian` = \'2\', `tunj_istri_suami` = NULL, `tunj_anak` = \'\', `tunj_jabatan` = \'\', `tunj_beras` = \'\', `tukin` = \'\', `uang_makan` = \'\', `pot_rwp` = \'\', `pot_pph` = \'\', `biapetarum` = \'\', `sewa_rmh_dinas` = \'\', `gaji_bersih` = \'\', `kode_pegawai` = \'\', `kode_tunjangan` = \'\', `kode_potongan` = \'\'
WHERE `kode_penggajian` = \'2\'', 0)
 2 SYSTEMPATH\Database\BaseConnection.php(722): CodeIgniter\Database\MySQLi\Connection->execute('UPDATE `penggajian` SET `kode_penggajian` = \'2\', `tunj_istri_suami` = NULL, `tunj_anak` = \'\', `tunj_jabatan` = \'\', `tunj_beras` = \'\', `tukin` = \'\', `uang_makan` = \'\', `pot_rwp` = \'\', `pot_pph` = \'\', `biapetarum` = \'\', `sewa_rmh_dinas` = \'\', `gaji_bersih` = \'\', `kode_pegawai` = \'\', `kode_tunjangan` = \'\', `kode_potongan` = \'\'
WHERE `kode_penggajian` = \'2\'')
 3 SYSTEMPATH\Database\BaseConnection.php(636): CodeIgniter\Database\BaseConnection->simpleQuery('UPDATE `penggajian` SET `kode_penggajian` = \'2\', `tunj_istri_suami` = NULL, `tunj_anak` = \'\', `tunj_jabatan` = \'\', `tunj_beras` = \'\', `tukin` = \'\', `uang_makan` = \'\', `pot_rwp` = \'\', `pot_pph` = \'\', `biapetarum` = \'\', `sewa_rmh_dinas` = \'\', `gaji_bersih` = \'\', `kode_pegawai` = \'\', `kode_tunjangan` = \'\', `kode_potongan` = \'\'
WHERE `kode_penggajian` = \'2\'')
 4 SYSTEMPATH\Database\BaseBuilder.php(2497): CodeIgniter\Database\BaseConnection->query('UPDATE `penggajian` SET `kode_penggajian` = :kode_penggajian.1:, `tunj_istri_suami` = :tunj_istri_suami:, `tunj_anak` = :tunj_anak:, `tunj_jabatan` = :tunj_jabatan:, `tunj_beras` = :tunj_beras:, `tukin` = :tukin:, `uang_makan` = :uang_makan:, `pot_rwp` = :pot_rwp:, `pot_pph` = :pot_pph:, `biapetarum` = :biapetarum:, `sewa_rmh_dinas` = :sewa_rmh_dinas:, `gaji_bersih` = :gaji_bersih:, `kode_pegawai` = :kode_pegawai:, `kode_tunjangan` = :kode_tunjangan:, `kode_potongan` = :kode_potongan:
WHERE `kode_penggajian` = :kode_penggajian:', [...], false)
 5 APPPATH\Models\Penggajian_Model.php(28): CodeIgniter\Database\BaseBuilder->update([...])
 6 APPPATH\Controllers\Penggajian.php(88): App\Models\Penggajian_Model->editPenggajian([...], '2')
 7 SYSTEMPATH\CodeIgniter.php(933): App\Controllers\Penggajian->update('$1')
 8 SYSTEMPATH\CodeIgniter.php(509): CodeIgniter\CodeIgniter->runController(Object(App\Controllers\Penggajian))
 9 SYSTEMPATH\CodeIgniter.php(355): CodeIgniter\CodeIgniter->handleRequest(null, Object(Config\Cache), false)
10 SYSTEMPATH\Boot.php(312): CodeIgniter\CodeIgniter->run()
11 SYSTEMPATH\Boot.php(67): CodeIgniter\Boot::runCodeIgniter(Object(CodeIgniter\CodeIgniter))
12 FCPATH\index.php(56): CodeIgniter\Boot::bootWeb(Object(Config\Paths))
13 SYSTEMPATH\Commands\Server\rewrite.php(49): require_once('C:\\xampp\\htdocs\\ci4\\public\\index.php')
