CRITICAL - 2024-05-19 09:23:24 --> CodeIgniter\View\Exceptions\ViewException: Invalid file: "karyawan/employee_view.php"
[Method: GET, Route: employee]
in SYSTEMPATH\Exceptions\FrameworkException.php on line 41.
 1 SYSTEMPATH\View\View.php(222): CodeIgniter\Exceptions\FrameworkException::forInvalidFile('karyawan/employee_view.php')
 2 SYSTEMPATH\Common.php(1171): CodeIgniter\View\View->render('karyawan/employee_view', [], true)
 3 APPPATH\Controllers\Employee.php(15): view('karyawan/employee_view', [...])
 4 SYSTEMPATH\CodeIgniter.php(933): App\Controllers\Employee->index()
 5 SYSTEMPATH\CodeIgniter.php(509): CodeIgniter\CodeIgniter->runController(Object(App\Controllers\Employee))
 6 SYSTEMPATH\CodeIgniter.php(355): CodeIgniter\CodeIgniter->handleRequest(null, Object(Config\Cache), false)
 7 SYSTEMPATH\Boot.php(312): CodeIgniter\CodeIgniter->run()
 8 SYSTEMPATH\Boot.php(67): CodeIgniter\Boot::runCodeIgniter(Object(CodeIgniter\CodeIgniter))
 9 FCPATH\index.php(56): CodeIgniter\Boot::bootWeb(Object(Config\Paths))
10 SYSTEMPATH\Commands\Server\rewrite.php(49): require_once('C:\\xampp2\\htdocs\\ci4\\public\\index.php')
CRITICAL - 2024-05-19 09:30:35 --> CodeIgniter\View\Exceptions\ViewException: Invalid file: "pegawai/employee_view.php"
[Method: GET, Route: pegawai]
in SYSTEMPATH\Exceptions\FrameworkException.php on line 41.
 1 SYSTEMPATH\View\View.php(222): CodeIgniter\Exceptions\FrameworkException::forInvalidFile('pegawai/employee_view.php')
 2 SYSTEMPATH\Common.php(1171): CodeIgniter\View\View->render('pegawai/employee_view', [], true)
 3 APPPATH\Controllers\Pegawai.php(15): view('pegawai/employee_view', [...])
 4 SYSTEMPATH\CodeIgniter.php(933): App\Controllers\Pegawai->index()
 5 SYSTEMPATH\CodeIgniter.php(509): CodeIgniter\CodeIgniter->runController(Object(App\Controllers\Pegawai))
 6 SYSTEMPATH\CodeIgniter.php(355): CodeIgniter\CodeIgniter->handleRequest(null, Object(Config\Cache), false)
 7 SYSTEMPATH\Boot.php(312): CodeIgniter\CodeIgniter->run()
 8 SYSTEMPATH\Boot.php(67): CodeIgniter\Boot::runCodeIgniter(Object(CodeIgniter\CodeIgniter))
 9 FCPATH\index.php(56): CodeIgniter\Boot::bootWeb(Object(Config\Paths))
10 SYSTEMPATH\Commands\Server\rewrite.php(49): require_once('C:\\xampp2\\htdocs\\ci4\\public\\index.php')
